2020-04-24 14:39:53,697 DEBUG    root            Loaded Command Group: [u'gcloud', u'components']
2020-04-24 14:39:53,715 DEBUG    root            Loaded Command Group: [u'gcloud', u'components', u'update']
2020-04-24 14:39:53,717 DEBUG    root            Running [gcloud.components.update] with arguments: [--allow-no-backup: "True", --quiet: "True", COMPONENT-IDS:6: "[u'core', u'gcloud-deps', u'bq', u'gcloud', u'gsutil', u'anthoscli']"]
2020-04-24 14:39:55,537 INFO     ___FILE_ONLY___ 

2020-04-24 14:39:55,538 INFO     ___FILE_ONLY___ 
Your current Cloud SDK version is: 290.0.0

2020-04-24 14:39:55,538 INFO     ___FILE_ONLY___ Installing components from version: 290.0.0

2020-04-24 14:39:55,538 INFO     ___FILE_ONLY___ 

2020-04-24 14:39:55,547 INFO     ___FILE_ONLY___ +-----------------------------------------------------------------------------+
2020-04-24 14:39:55,547 INFO     ___FILE_ONLY___ 

2020-04-24 14:39:55,547 INFO     ___FILE_ONLY___ |                     These components will be installed.                     |
2020-04-24 14:39:55,547 INFO     ___FILE_ONLY___ 

2020-04-24 14:39:55,547 INFO     ___FILE_ONLY___ +-----------------------------------------------------+------------+----------+
2020-04-24 14:39:55,548 INFO     ___FILE_ONLY___ 

2020-04-24 14:39:55,548 INFO     ___FILE_ONLY___ |                         Name                        |  Version   |   Size   |
2020-04-24 14:39:55,548 INFO     ___FILE_ONLY___ 

2020-04-24 14:39:55,548 INFO     ___FILE_ONLY___ +-----------------------------------------------------+------------+----------+
2020-04-24 14:39:55,548 INFO     ___FILE_ONLY___ 

2020-04-24 14:39:55,548 INFO     ___FILE_ONLY___ | 
2020-04-24 14:39:55,548 INFO     ___FILE_ONLY___ BigQuery Command Line Tool                         
2020-04-24 14:39:55,548 INFO     ___FILE_ONLY___  
2020-04-24 14:39:55,548 INFO     ___FILE_ONLY___ | 
2020-04-24 14:39:55,549 INFO     ___FILE_ONLY___     2.0.56
2020-04-24 14:39:55,549 INFO     ___FILE_ONLY___  
2020-04-24 14:39:55,549 INFO     ___FILE_ONLY___ | 
2020-04-24 14:39:55,549 INFO     ___FILE_ONLY___  < 1 MiB
2020-04-24 14:39:55,549 INFO     ___FILE_ONLY___  
2020-04-24 14:39:55,549 INFO     ___FILE_ONLY___ |
2020-04-24 14:39:55,549 INFO     ___FILE_ONLY___ 

2020-04-24 14:39:55,549 INFO     ___FILE_ONLY___ | 
2020-04-24 14:39:55,549 INFO     ___FILE_ONLY___ BigQuery Command Line Tool (Platform Specific)     
2020-04-24 14:39:55,549 INFO     ___FILE_ONLY___  
2020-04-24 14:39:55,550 INFO     ___FILE_ONLY___ | 
2020-04-24 14:39:55,550 INFO     ___FILE_ONLY___     2.0.53
2020-04-24 14:39:55,550 INFO     ___FILE_ONLY___  
2020-04-24 14:39:55,550 INFO     ___FILE_ONLY___ | 
2020-04-24 14:39:55,550 INFO     ___FILE_ONLY___  < 1 MiB
2020-04-24 14:39:55,550 INFO     ___FILE_ONLY___  
2020-04-24 14:39:55,550 INFO     ___FILE_ONLY___ |
2020-04-24 14:39:55,550 INFO     ___FILE_ONLY___ 

2020-04-24 14:39:55,550 INFO     ___FILE_ONLY___ | 
2020-04-24 14:39:55,550 INFO     ___FILE_ONLY___ Cloud SDK Core Libraries (Platform Specific)       
2020-04-24 14:39:55,550 INFO     ___FILE_ONLY___  
2020-04-24 14:39:55,551 INFO     ___FILE_ONLY___ | 
2020-04-24 14:39:55,551 INFO     ___FILE_ONLY___ 2020.02.14
2020-04-24 14:39:55,551 INFO     ___FILE_ONLY___  
2020-04-24 14:39:55,551 INFO     ___FILE_ONLY___ | 
2020-04-24 14:39:55,551 INFO     ___FILE_ONLY___  < 1 MiB
2020-04-24 14:39:55,551 INFO     ___FILE_ONLY___  
2020-04-24 14:39:55,551 INFO     ___FILE_ONLY___ |
2020-04-24 14:39:55,551 INFO     ___FILE_ONLY___ 

2020-04-24 14:39:55,551 INFO     ___FILE_ONLY___ | 
2020-04-24 14:39:55,552 INFO     ___FILE_ONLY___ Cloud Storage Command Line Tool                    
2020-04-24 14:39:55,552 INFO     ___FILE_ONLY___  
2020-04-24 14:39:55,552 INFO     ___FILE_ONLY___ | 
2020-04-24 14:39:55,552 INFO     ___FILE_ONLY___       4.49
2020-04-24 14:39:55,552 INFO     ___FILE_ONLY___  
2020-04-24 14:39:55,552 INFO     ___FILE_ONLY___ | 
2020-04-24 14:39:55,552 INFO     ___FILE_ONLY___  3.6 MiB
2020-04-24 14:39:55,552 INFO     ___FILE_ONLY___  
2020-04-24 14:39:55,552 INFO     ___FILE_ONLY___ |
2020-04-24 14:39:55,553 INFO     ___FILE_ONLY___ 

2020-04-24 14:39:55,553 INFO     ___FILE_ONLY___ | 
2020-04-24 14:39:55,553 INFO     ___FILE_ONLY___ Cloud Storage Command Line Tool (Platform Specific)
2020-04-24 14:39:55,553 INFO     ___FILE_ONLY___  
2020-04-24 14:39:55,553 INFO     ___FILE_ONLY___ | 
2020-04-24 14:39:55,553 INFO     ___FILE_ONLY___       4.47
2020-04-24 14:39:55,553 INFO     ___FILE_ONLY___  
2020-04-24 14:39:55,553 INFO     ___FILE_ONLY___ | 
2020-04-24 14:39:55,553 INFO     ___FILE_ONLY___  < 1 MiB
2020-04-24 14:39:55,553 INFO     ___FILE_ONLY___  
2020-04-24 14:39:55,553 INFO     ___FILE_ONLY___ |
2020-04-24 14:39:55,554 INFO     ___FILE_ONLY___ 

2020-04-24 14:39:55,554 INFO     ___FILE_ONLY___ | 
2020-04-24 14:39:55,554 INFO     ___FILE_ONLY___ Default set of gcloud commands                     
2020-04-24 14:39:55,554 INFO     ___FILE_ONLY___  
2020-04-24 14:39:55,554 INFO     ___FILE_ONLY___ | 
2020-04-24 14:39:55,554 INFO     ___FILE_ONLY___           
2020-04-24 14:39:55,554 INFO     ___FILE_ONLY___  
2020-04-24 14:39:55,554 INFO     ___FILE_ONLY___ | 
2020-04-24 14:39:55,554 INFO     ___FILE_ONLY___         
2020-04-24 14:39:55,554 INFO     ___FILE_ONLY___  
2020-04-24 14:39:55,554 INFO     ___FILE_ONLY___ |
2020-04-24 14:39:55,554 INFO     ___FILE_ONLY___ 

2020-04-24 14:39:55,555 INFO     ___FILE_ONLY___ | 
2020-04-24 14:39:55,555 INFO     ___FILE_ONLY___ anthoscli                                          
2020-04-24 14:39:55,555 INFO     ___FILE_ONLY___  
2020-04-24 14:39:55,555 INFO     ___FILE_ONLY___ | 
2020-04-24 14:39:55,555 INFO     ___FILE_ONLY___     0.0.16
2020-04-24 14:39:55,555 INFO     ___FILE_ONLY___  
2020-04-24 14:39:55,555 INFO     ___FILE_ONLY___ | 
2020-04-24 14:39:55,555 INFO     ___FILE_ONLY___ 25.1 MiB
2020-04-24 14:39:55,555 INFO     ___FILE_ONLY___  
2020-04-24 14:39:55,555 INFO     ___FILE_ONLY___ |
2020-04-24 14:39:55,555 INFO     ___FILE_ONLY___ 

2020-04-24 14:39:55,556 INFO     ___FILE_ONLY___ | 
2020-04-24 14:39:55,556 INFO     ___FILE_ONLY___ anthoscli                                          
2020-04-24 14:39:55,556 INFO     ___FILE_ONLY___  
2020-04-24 14:39:55,556 INFO     ___FILE_ONLY___ | 
2020-04-24 14:39:55,556 INFO     ___FILE_ONLY___           
2020-04-24 14:39:55,556 INFO     ___FILE_ONLY___  
2020-04-24 14:39:55,556 INFO     ___FILE_ONLY___ | 
2020-04-24 14:39:55,556 INFO     ___FILE_ONLY___         
2020-04-24 14:39:55,556 INFO     ___FILE_ONLY___  
2020-04-24 14:39:55,556 INFO     ___FILE_ONLY___ |
2020-04-24 14:39:55,556 INFO     ___FILE_ONLY___ 

2020-04-24 14:39:55,557 INFO     ___FILE_ONLY___ | 
2020-04-24 14:39:55,557 INFO     ___FILE_ONLY___ gcloud cli dependencies                            
2020-04-24 14:39:55,557 INFO     ___FILE_ONLY___  
2020-04-24 14:39:55,557 INFO     ___FILE_ONLY___ | 
2020-04-24 14:39:55,557 INFO     ___FILE_ONLY___ 2018.08.03
2020-04-24 14:39:55,557 INFO     ___FILE_ONLY___  
2020-04-24 14:39:55,557 INFO     ___FILE_ONLY___ | 
2020-04-24 14:39:55,557 INFO     ___FILE_ONLY___  1.5 MiB
2020-04-24 14:39:55,557 INFO     ___FILE_ONLY___  
2020-04-24 14:39:55,557 INFO     ___FILE_ONLY___ |
2020-04-24 14:39:55,557 INFO     ___FILE_ONLY___ 

2020-04-24 14:39:55,558 INFO     ___FILE_ONLY___ +-----------------------------------------------------+------------+----------+
2020-04-24 14:39:55,558 INFO     ___FILE_ONLY___ 

2020-04-24 14:39:55,558 INFO     ___FILE_ONLY___ 

2020-04-24 14:39:56,203 INFO     ___FILE_ONLY___ For the latest full release notes, please visit:
  https://cloud.google.com/sdk/release_notes


2020-04-24 14:39:56,204 INFO     ___FILE_ONLY___ #============================================================#

2020-04-24 14:39:56,204 INFO     ___FILE_ONLY___ #= Creating update staging area                             =#

2020-04-24 14:39:56,204 INFO     ___FILE_ONLY___ #
2020-04-24 14:39:56,204 INFO     ___FILE_ONLY___ ======
2020-04-24 14:39:56,204 INFO     ___FILE_ONLY___ ======
2020-04-24 14:39:56,204 INFO     ___FILE_ONLY___ ======
2020-04-24 14:39:56,672 INFO     ___FILE_ONLY___ =
2020-04-24 14:39:58,727 INFO     ___FILE_ONLY___ =
2020-04-24 14:39:59,593 INFO     ___FILE_ONLY___ =
2020-04-24 14:40:00,353 INFO     ___FILE_ONLY___ =
2020-04-24 14:40:01,058 INFO     ___FILE_ONLY___ =
2020-04-24 14:40:01,507 INFO     ___FILE_ONLY___ =
2020-04-24 14:40:02,006 INFO     ___FILE_ONLY___ =
2020-04-24 14:40:02,789 INFO     ___FILE_ONLY___ =
2020-04-24 14:40:03,631 INFO     ___FILE_ONLY___ =
2020-04-24 14:40:04,502 INFO     ___FILE_ONLY___ =
2020-04-24 14:40:05,392 INFO     ___FILE_ONLY___ =
2020-04-24 14:40:06,124 INFO     ___FILE_ONLY___ =
2020-04-24 14:40:07,050 INFO     ___FILE_ONLY___ =
2020-04-24 14:40:07,859 INFO     ___FILE_ONLY___ =
2020-04-24 14:40:08,975 INFO     ___FILE_ONLY___ =
2020-04-24 14:40:09,947 INFO     ___FILE_ONLY___ =
2020-04-24 14:40:10,755 INFO     ___FILE_ONLY___ =
2020-04-24 14:40:11,569 INFO     ___FILE_ONLY___ =
2020-04-24 14:40:12,480 INFO     ___FILE_ONLY___ =
2020-04-24 14:40:13,291 INFO     ___FILE_ONLY___ =
2020-04-24 14:40:14,108 INFO     ___FILE_ONLY___ =
2020-04-24 14:40:15,245 INFO     ___FILE_ONLY___ =
2020-04-24 14:40:16,298 INFO     ___FILE_ONLY___ =
2020-04-24 14:40:17,377 INFO     ___FILE_ONLY___ =
2020-04-24 14:40:18,495 INFO     ___FILE_ONLY___ =
2020-04-24 14:40:19,370 INFO     ___FILE_ONLY___ =
2020-04-24 14:40:20,388 INFO     ___FILE_ONLY___ =
2020-04-24 14:40:21,476 INFO     ___FILE_ONLY___ =
2020-04-24 14:40:22,215 INFO     ___FILE_ONLY___ =
2020-04-24 14:40:23,539 INFO     ___FILE_ONLY___ =
2020-04-24 14:40:24,778 INFO     ___FILE_ONLY___ =
2020-04-24 14:40:26,312 INFO     ___FILE_ONLY___ =
2020-04-24 14:40:27,377 INFO     ___FILE_ONLY___ =
2020-04-24 14:40:28,567 INFO     ___FILE_ONLY___ =
2020-04-24 14:40:29,444 INFO     ___FILE_ONLY___ =
2020-04-24 14:40:30,517 INFO     ___FILE_ONLY___ =
2020-04-24 14:40:31,793 INFO     ___FILE_ONLY___ =
2020-04-24 14:40:33,049 INFO     ___FILE_ONLY___ =
2020-04-24 14:40:35,391 INFO     ___FILE_ONLY___ =
2020-04-24 14:40:38,089 INFO     ___FILE_ONLY___ =
2020-04-24 14:40:39,769 INFO     ___FILE_ONLY___ =
2020-04-24 14:40:45,771 INFO     ___FILE_ONLY___ =
2020-04-24 14:40:45,771 INFO     ___FILE_ONLY___ #

2020-04-24 14:40:45,784 INFO     ___FILE_ONLY___ #= Installing: BigQuery Command Line Tool                   =#

2020-04-24 14:40:45,785 INFO     ___FILE_ONLY___ #
2020-04-24 14:40:46,153 INFO     ___FILE_ONLY___ =
2020-04-24 14:40:46,157 INFO     ___FILE_ONLY___ =
2020-04-24 14:40:46,188 INFO     ___FILE_ONLY___ =
2020-04-24 14:40:46,210 INFO     ___FILE_ONLY___ =
2020-04-24 14:40:46,224 INFO     ___FILE_ONLY___ =
2020-04-24 14:40:46,282 INFO     ___FILE_ONLY___ =
2020-04-24 14:40:46,283 INFO     ___FILE_ONLY___ =
2020-04-24 14:40:46,316 INFO     ___FILE_ONLY___ =
2020-04-24 14:40:46,318 INFO     ___FILE_ONLY___ =
2020-04-24 14:40:46,318 INFO     ___FILE_ONLY___ =
2020-04-24 14:40:46,330 INFO     ___FILE_ONLY___ =
2020-04-24 14:40:46,381 INFO     ___FILE_ONLY___ =
2020-04-24 14:40:46,384 INFO     ___FILE_ONLY___ =
2020-04-24 14:40:46,385 INFO     ___FILE_ONLY___ =
2020-04-24 14:40:46,421 INFO     ___FILE_ONLY___ =
2020-04-24 14:40:46,425 INFO     ___FILE_ONLY___ =
2020-04-24 14:40:46,430 INFO     ___FILE_ONLY___ =
2020-04-24 14:40:46,481 INFO     ___FILE_ONLY___ =
2020-04-24 14:40:46,528 INFO     ___FILE_ONLY___ =
2020-04-24 14:40:46,529 INFO     ___FILE_ONLY___ =
2020-04-24 14:40:46,529 INFO     ___FILE_ONLY___ =
2020-04-24 14:40:46,530 INFO     ___FILE_ONLY___ =
2020-04-24 14:40:46,530 INFO     ___FILE_ONLY___ =
2020-04-24 14:40:46,531 INFO     ___FILE_ONLY___ =
2020-04-24 14:40:46,531 INFO     ___FILE_ONLY___ =
2020-04-24 14:40:46,531 INFO     ___FILE_ONLY___ =
2020-04-24 14:40:46,575 INFO     ___FILE_ONLY___ =
2020-04-24 14:40:46,578 INFO     ___FILE_ONLY___ =
2020-04-24 14:40:46,588 INFO     ___FILE_ONLY___ =
2020-04-24 14:40:46,591 INFO     ___FILE_ONLY___ =
2020-04-24 14:40:46,630 INFO     ___FILE_ONLY___ =
2020-04-24 14:40:46,635 INFO     ___FILE_ONLY___ =
2020-04-24 14:40:46,638 INFO     ___FILE_ONLY___ =
2020-04-24 14:40:46,642 INFO     ___FILE_ONLY___ =
2020-04-24 14:40:46,645 INFO     ___FILE_ONLY___ =
2020-04-24 14:40:46,649 INFO     ___FILE_ONLY___ =
2020-04-24 14:40:46,652 INFO     ___FILE_ONLY___ =
2020-04-24 14:40:46,655 INFO     ___FILE_ONLY___ =
2020-04-24 14:40:46,657 INFO     ___FILE_ONLY___ =
2020-04-24 14:40:46,660 INFO     ___FILE_ONLY___ =
2020-04-24 14:40:46,664 INFO     ___FILE_ONLY___ =
2020-04-24 14:40:46,667 INFO     ___FILE_ONLY___ =
2020-04-24 14:40:46,672 INFO     ___FILE_ONLY___ =
2020-04-24 14:40:46,675 INFO     ___FILE_ONLY___ =
2020-04-24 14:40:46,678 INFO     ___FILE_ONLY___ =
2020-04-24 14:40:46,681 INFO     ___FILE_ONLY___ =
2020-04-24 14:40:46,684 INFO     ___FILE_ONLY___ =
2020-04-24 14:40:46,687 INFO     ___FILE_ONLY___ =
2020-04-24 14:40:46,690 INFO     ___FILE_ONLY___ =
2020-04-24 14:40:46,695 INFO     ___FILE_ONLY___ =
2020-04-24 14:40:46,700 INFO     ___FILE_ONLY___ =
2020-04-24 14:40:46,703 INFO     ___FILE_ONLY___ =
2020-04-24 14:40:46,706 INFO     ___FILE_ONLY___ =
2020-04-24 14:40:46,710 INFO     ___FILE_ONLY___ =
2020-04-24 14:40:46,713 INFO     ___FILE_ONLY___ =
2020-04-24 14:40:46,719 INFO     ___FILE_ONLY___ =
2020-04-24 14:40:46,723 INFO     ___FILE_ONLY___ =
2020-04-24 14:40:46,728 INFO     ___FILE_ONLY___ =
2020-04-24 14:40:46,733 INFO     ___FILE_ONLY___ =
2020-04-24 14:40:46,739 INFO     ___FILE_ONLY___ =
2020-04-24 14:40:46,739 INFO     ___FILE_ONLY___ #

2020-04-24 14:40:46,745 INFO     ___FILE_ONLY___ #= Installing: BigQuery Command Line Tool (Platform Spec... =#

2020-04-24 14:40:46,745 INFO     ___FILE_ONLY___ #
2020-04-24 14:40:47,009 INFO     ___FILE_ONLY___ ==============================
2020-04-24 14:40:47,011 INFO     ___FILE_ONLY___ ===============
2020-04-24 14:40:47,011 INFO     ___FILE_ONLY___ ===============
2020-04-24 14:40:47,011 INFO     ___FILE_ONLY___ #

2020-04-24 14:40:47,014 INFO     ___FILE_ONLY___ #= Installing: Cloud SDK Core Libraries (Platform Specific) =#

2020-04-24 14:40:47,014 INFO     ___FILE_ONLY___ #
2020-04-24 14:40:47,283 INFO     ___FILE_ONLY___ ==============================
2020-04-24 14:40:47,285 INFO     ___FILE_ONLY___ ==========
2020-04-24 14:40:47,286 INFO     ___FILE_ONLY___ =========
2020-04-24 14:40:47,287 INFO     ___FILE_ONLY___ ===========
2020-04-24 14:40:47,287 INFO     ___FILE_ONLY___ #

2020-04-24 14:40:47,290 INFO     ___FILE_ONLY___ #= Installing: Cloud Storage Command Line Tool              =#

2020-04-24 14:40:47,291 INFO     ___FILE_ONLY___ #
2020-04-24 14:40:47,710 INFO     ___FILE_ONLY___ =
2020-04-24 14:40:47,819 INFO     ___FILE_ONLY___ =
2020-04-24 14:40:47,898 INFO     ___FILE_ONLY___ =
2020-04-24 14:40:47,914 INFO     ___FILE_ONLY___ =
2020-04-24 14:40:47,955 INFO     ___FILE_ONLY___ =
2020-04-24 14:40:48,023 INFO     ___FILE_ONLY___ =
2020-04-24 14:40:48,053 INFO     ___FILE_ONLY___ =
2020-04-24 14:40:48,075 INFO     ___FILE_ONLY___ =
2020-04-24 14:40:48,089 INFO     ___FILE_ONLY___ =
2020-04-24 14:40:48,130 INFO     ___FILE_ONLY___ =
2020-04-24 14:40:48,159 INFO     ___FILE_ONLY___ =
2020-04-24 14:40:48,175 INFO     ___FILE_ONLY___ =
2020-04-24 14:40:48,209 INFO     ___FILE_ONLY___ =
2020-04-24 14:40:48,229 INFO     ___FILE_ONLY___ =
2020-04-24 14:40:48,270 INFO     ___FILE_ONLY___ =
2020-04-24 14:40:48,333 INFO     ___FILE_ONLY___ =
2020-04-24 14:40:48,360 INFO     ___FILE_ONLY___ =
2020-04-24 14:40:48,383 INFO     ___FILE_ONLY___ =
2020-04-24 14:40:48,384 INFO     ___FILE_ONLY___ =
2020-04-24 14:40:48,386 INFO     ___FILE_ONLY___ =
2020-04-24 14:40:48,563 INFO     ___FILE_ONLY___ =
2020-04-24 14:40:48,564 INFO     ___FILE_ONLY___ =
2020-04-24 14:40:48,573 INFO     ___FILE_ONLY___ =
2020-04-24 14:40:48,573 INFO     ___FILE_ONLY___ =
2020-04-24 14:40:48,574 INFO     ___FILE_ONLY___ =
2020-04-24 14:40:48,574 INFO     ___FILE_ONLY___ =
2020-04-24 14:40:48,750 INFO     ___FILE_ONLY___ =
2020-04-24 14:40:48,750 INFO     ___FILE_ONLY___ =
2020-04-24 14:40:48,751 INFO     ___FILE_ONLY___ =
2020-04-24 14:40:48,753 INFO     ___FILE_ONLY___ =
2020-04-24 14:40:48,978 INFO     ___FILE_ONLY___ =
2020-04-24 14:40:49,001 INFO     ___FILE_ONLY___ =
2020-04-24 14:40:49,021 INFO     ___FILE_ONLY___ =
2020-04-24 14:40:49,043 INFO     ___FILE_ONLY___ =
2020-04-24 14:40:49,060 INFO     ___FILE_ONLY___ =
2020-04-24 14:40:49,079 INFO     ___FILE_ONLY___ =
2020-04-24 14:40:49,096 INFO     ___FILE_ONLY___ =
2020-04-24 14:40:49,116 INFO     ___FILE_ONLY___ =
2020-04-24 14:40:49,140 INFO     ___FILE_ONLY___ =
2020-04-24 14:40:49,166 INFO     ___FILE_ONLY___ =
2020-04-24 14:40:49,192 INFO     ___FILE_ONLY___ =
2020-04-24 14:40:49,215 INFO     ___FILE_ONLY___ =
2020-04-24 14:40:49,239 INFO     ___FILE_ONLY___ =
2020-04-24 14:40:49,261 INFO     ___FILE_ONLY___ =
2020-04-24 14:40:49,289 INFO     ___FILE_ONLY___ =
2020-04-24 14:40:49,317 INFO     ___FILE_ONLY___ =
2020-04-24 14:40:49,336 INFO     ___FILE_ONLY___ =
2020-04-24 14:40:49,357 INFO     ___FILE_ONLY___ =
2020-04-24 14:40:49,382 INFO     ___FILE_ONLY___ =
2020-04-24 14:40:49,407 INFO     ___FILE_ONLY___ =
2020-04-24 14:40:49,437 INFO     ___FILE_ONLY___ =
2020-04-24 14:40:49,455 INFO     ___FILE_ONLY___ =
2020-04-24 14:40:49,477 INFO     ___FILE_ONLY___ =
2020-04-24 14:40:49,495 INFO     ___FILE_ONLY___ =
2020-04-24 14:40:49,519 INFO     ___FILE_ONLY___ =
2020-04-24 14:40:49,545 INFO     ___FILE_ONLY___ =
2020-04-24 14:40:49,566 INFO     ___FILE_ONLY___ =
2020-04-24 14:40:49,586 INFO     ___FILE_ONLY___ =
2020-04-24 14:40:49,608 INFO     ___FILE_ONLY___ =
2020-04-24 14:40:49,631 INFO     ___FILE_ONLY___ =
2020-04-24 14:40:49,631 INFO     ___FILE_ONLY___ #

2020-04-24 14:40:49,657 INFO     ___FILE_ONLY___ #= Installing: Cloud Storage Command Line Tool (Platform... =#

2020-04-24 14:40:49,657 INFO     ___FILE_ONLY___ #
2020-04-24 14:40:49,911 INFO     ___FILE_ONLY___ ==============================
2020-04-24 14:40:49,913 INFO     ___FILE_ONLY___ ===============
2020-04-24 14:40:49,913 INFO     ___FILE_ONLY___ ===============
2020-04-24 14:40:49,914 INFO     ___FILE_ONLY___ #

2020-04-24 14:40:49,918 INFO     ___FILE_ONLY___ #= Installing: Default set of gcloud commands               =#

2020-04-24 14:40:49,918 INFO     ___FILE_ONLY___ #
2020-04-24 14:40:49,921 INFO     ___FILE_ONLY___ ============================================================
2020-04-24 14:40:49,921 INFO     ___FILE_ONLY___ #

2020-04-24 14:40:49,922 INFO     ___FILE_ONLY___ #= Installing: anthoscli                                    =#

2020-04-24 14:40:49,922 INFO     ___FILE_ONLY___ #
2020-04-24 14:40:50,703 INFO     ___FILE_ONLY___ =
2020-04-24 14:40:51,036 INFO     ___FILE_ONLY___ =
2020-04-24 14:40:51,203 INFO     ___FILE_ONLY___ =
2020-04-24 14:40:51,444 INFO     ___FILE_ONLY___ =
2020-04-24 14:40:51,582 INFO     ___FILE_ONLY___ =
2020-04-24 14:40:51,855 INFO     ___FILE_ONLY___ =
2020-04-24 14:40:52,108 INFO     ___FILE_ONLY___ =
2020-04-24 14:40:52,386 INFO     ___FILE_ONLY___ =
2020-04-24 14:40:52,577 INFO     ___FILE_ONLY___ =
2020-04-24 14:40:52,745 INFO     ___FILE_ONLY___ =
2020-04-24 14:40:53,013 INFO     ___FILE_ONLY___ =
2020-04-24 14:40:53,260 INFO     ___FILE_ONLY___ =
2020-04-24 14:40:53,532 INFO     ___FILE_ONLY___ =
2020-04-24 14:40:53,954 INFO     ___FILE_ONLY___ =
2020-04-24 14:40:54,360 INFO     ___FILE_ONLY___ =
2020-04-24 14:40:54,593 INFO     ___FILE_ONLY___ =
2020-04-24 14:40:54,859 INFO     ___FILE_ONLY___ =
2020-04-24 14:40:55,049 INFO     ___FILE_ONLY___ =
2020-04-24 14:40:55,326 INFO     ___FILE_ONLY___ =
2020-04-24 14:40:55,621 INFO     ___FILE_ONLY___ =
2020-04-24 14:40:55,869 INFO     ___FILE_ONLY___ =
2020-04-24 14:40:56,101 INFO     ___FILE_ONLY___ =
2020-04-24 14:40:56,281 INFO     ___FILE_ONLY___ =
2020-04-24 14:40:56,567 INFO     ___FILE_ONLY___ =
2020-04-24 14:40:56,792 INFO     ___FILE_ONLY___ =
2020-04-24 14:40:56,970 INFO     ___FILE_ONLY___ =
2020-04-24 14:40:57,250 INFO     ___FILE_ONLY___ =
2020-04-24 14:40:57,384 INFO     ___FILE_ONLY___ =
2020-04-24 14:40:57,745 INFO     ___FILE_ONLY___ =
2020-04-24 14:40:57,812 INFO     ___FILE_ONLY___ =
2020-04-24 14:40:58,240 INFO     ___FILE_ONLY___ =====
2020-04-24 14:40:58,240 INFO     ___FILE_ONLY___ =====
2020-04-24 14:40:58,241 INFO     ___FILE_ONLY___ =====
2020-04-24 14:40:58,243 INFO     ___FILE_ONLY___ ====
2020-04-24 14:40:58,244 INFO     ___FILE_ONLY___ ======
2020-04-24 14:40:58,692 INFO     ___FILE_ONLY___ =====
2020-04-24 14:40:58,692 INFO     ___FILE_ONLY___ #

2020-04-24 14:40:58,696 INFO     ___FILE_ONLY___ #= Installing: anthoscli                                    =#

2020-04-24 14:40:58,696 INFO     ___FILE_ONLY___ #
2020-04-24 14:40:58,699 INFO     ___FILE_ONLY___ ============================================================
2020-04-24 14:40:58,699 INFO     ___FILE_ONLY___ #

2020-04-24 14:40:58,699 INFO     ___FILE_ONLY___ #= Installing: gcloud cli dependencies                      =#

2020-04-24 14:40:58,699 INFO     ___FILE_ONLY___ #
2020-04-24 14:40:59,182 INFO     ___FILE_ONLY___ =
2020-04-24 14:40:59,247 INFO     ___FILE_ONLY___ =
2020-04-24 14:40:59,329 INFO     ___FILE_ONLY___ =
2020-04-24 14:40:59,348 INFO     ___FILE_ONLY___ =
2020-04-24 14:40:59,377 INFO     ___FILE_ONLY___ =
2020-04-24 14:40:59,407 INFO     ___FILE_ONLY___ =
2020-04-24 14:40:59,426 INFO     ___FILE_ONLY___ =
2020-04-24 14:40:59,491 INFO     ___FILE_ONLY___ =
2020-04-24 14:40:59,492 INFO     ___FILE_ONLY___ =
2020-04-24 14:40:59,492 INFO     ___FILE_ONLY___ =
2020-04-24 14:40:59,539 INFO     ___FILE_ONLY___ =
2020-04-24 14:40:59,551 INFO     ___FILE_ONLY___ =
2020-04-24 14:40:59,557 INFO     ___FILE_ONLY___ =
2020-04-24 14:40:59,561 INFO     ___FILE_ONLY___ =
2020-04-24 14:40:59,578 INFO     ___FILE_ONLY___ =
2020-04-24 14:40:59,588 INFO     ___FILE_ONLY___ =
2020-04-24 14:40:59,692 INFO     ___FILE_ONLY___ =
2020-04-24 14:40:59,693 INFO     ___FILE_ONLY___ =
2020-04-24 14:40:59,695 INFO     ___FILE_ONLY___ =
2020-04-24 14:40:59,695 INFO     ___FILE_ONLY___ =
2020-04-24 14:40:59,707 INFO     ___FILE_ONLY___ =
2020-04-24 14:40:59,775 INFO     ___FILE_ONLY___ =
2020-04-24 14:40:59,775 INFO     ___FILE_ONLY___ =
2020-04-24 14:40:59,776 INFO     ___FILE_ONLY___ =
2020-04-24 14:40:59,776 INFO     ___FILE_ONLY___ =
2020-04-24 14:40:59,791 INFO     ___FILE_ONLY___ =
2020-04-24 14:40:59,792 INFO     ___FILE_ONLY___ =
2020-04-24 14:40:59,792 INFO     ___FILE_ONLY___ =
2020-04-24 14:40:59,827 INFO     ___FILE_ONLY___ =
2020-04-24 14:40:59,829 INFO     ___FILE_ONLY___ =
2020-04-24 14:40:59,862 INFO     ___FILE_ONLY___ =
2020-04-24 14:40:59,862 INFO     ___FILE_ONLY___ =
2020-04-24 14:40:59,863 INFO     ___FILE_ONLY___ =
2020-04-24 14:40:59,864 INFO     ___FILE_ONLY___ =
2020-04-24 14:40:59,864 INFO     ___FILE_ONLY___ =
2020-04-24 14:40:59,866 INFO     ___FILE_ONLY___ =
2020-04-24 14:40:59,866 INFO     ___FILE_ONLY___ =
2020-04-24 14:40:59,867 INFO     ___FILE_ONLY___ =
2020-04-24 14:40:59,867 INFO     ___FILE_ONLY___ =
2020-04-24 14:40:59,868 INFO     ___FILE_ONLY___ =
2020-04-24 14:40:59,869 INFO     ___FILE_ONLY___ =
2020-04-24 14:40:59,870 INFO     ___FILE_ONLY___ =
2020-04-24 14:40:59,871 INFO     ___FILE_ONLY___ =
2020-04-24 14:40:59,872 INFO     ___FILE_ONLY___ =
2020-04-24 14:40:59,872 INFO     ___FILE_ONLY___ =
2020-04-24 14:40:59,873 INFO     ___FILE_ONLY___ =
2020-04-24 14:40:59,873 INFO     ___FILE_ONLY___ =
2020-04-24 14:40:59,874 INFO     ___FILE_ONLY___ =
2020-04-24 14:40:59,875 INFO     ___FILE_ONLY___ =
2020-04-24 14:40:59,876 INFO     ___FILE_ONLY___ =
2020-04-24 14:40:59,877 INFO     ___FILE_ONLY___ =
2020-04-24 14:40:59,878 INFO     ___FILE_ONLY___ =
2020-04-24 14:40:59,878 INFO     ___FILE_ONLY___ =
2020-04-24 14:40:59,879 INFO     ___FILE_ONLY___ =
2020-04-24 14:40:59,910 INFO     ___FILE_ONLY___ =
2020-04-24 14:40:59,910 INFO     ___FILE_ONLY___ =
2020-04-24 14:40:59,913 INFO     ___FILE_ONLY___ =
2020-04-24 14:40:59,914 INFO     ___FILE_ONLY___ =
2020-04-24 14:40:59,915 INFO     ___FILE_ONLY___ =
2020-04-24 14:40:59,916 INFO     ___FILE_ONLY___ =
2020-04-24 14:40:59,916 INFO     ___FILE_ONLY___ #

2020-04-24 14:40:59,921 INFO     ___FILE_ONLY___ #= Creating backup and activating new installation          =#

2020-04-24 14:40:59,921 INFO     ___FILE_ONLY___ #
2020-04-24 14:40:59,921 DEBUG    root            Attempting to move directory [/usr/local/Caskroom/google-cloud-sdk/latest/google-cloud-sdk] to [/usr/local/Caskroom/google-cloud-sdk/latest/google-cloud-sdk.staging/.install/.backup]
2020-04-24 14:40:59,922 INFO     ___FILE_ONLY___ ==============================
2020-04-24 14:40:59,922 DEBUG    root            Attempting to move directory [/usr/local/Caskroom/google-cloud-sdk/latest/google-cloud-sdk.staging] to [/usr/local/Caskroom/google-cloud-sdk/latest/google-cloud-sdk]
2020-04-24 14:40:59,922 INFO     ___FILE_ONLY___ ==============================
2020-04-24 14:40:59,922 INFO     ___FILE_ONLY___ #

2020-04-24 14:40:59,936 DEBUG    root            Updating notification cache...
2020-04-24 14:40:59,936 INFO     ___FILE_ONLY___ 

2020-04-24 14:40:59,937 INFO     ___FILE_ONLY___ Performing post processing steps...
2020-04-24 14:40:59,937 DEBUG    root            Executing command: ['/System/Library/Frameworks/Python.framework/Versions/2.7/Resources/Python.app/Contents/MacOS/Python', u'-S', u'/usr/local/Caskroom/google-cloud-sdk/latest/google-cloud-sdk/lib/gcloud.py', u'components', u'post-process']
2020-04-24 14:41:22,827 DEBUG    ___FILE_ONLY___ 
2020-04-24 14:41:22,828 DEBUG    ___FILE_ONLY___ 
2020-04-24 14:41:23,011 INFO     ___FILE_ONLY___ 
Update done!


2020-04-24 14:41:23,023 INFO     root            Display format: "none"
