2020-04-24 14:45:33,071 DEBUG    root            Loaded Command Group: [u'gcloud', u'organizations']
2020-04-24 14:45:33,082 DEBUG    root            Loaded Command Group: [u'gcloud', u'organizations', u'list']
2020-04-24 14:45:33,085 DEBUG    root            Running [gcloud.organizations.list] with arguments: []
2020-04-24 14:45:33,109 INFO     root            Display format: "
          table(
            displayName:label=DISPLAY_NAME,
            name.segment():label=ID:align=right:sort=1,
            owner.directoryCustomerId:label=DIRECTORY_CUSTOMER_ID:align=right
          )"
2020-04-24 14:45:34,289 INFO     ___FILE_ONLY___ DISPLAY_NAME
2020-04-24 14:45:34,289 INFO     ___FILE_ONLY___          
2020-04-24 14:45:34,289 INFO     ___FILE_ONLY___           ID
2020-04-24 14:45:34,289 INFO     ___FILE_ONLY___   
2020-04-24 14:45:34,289 INFO     ___FILE_ONLY___ DIRECTORY_CUSTOMER_ID
2020-04-24 14:45:34,289 INFO     ___FILE_ONLY___ 

2020-04-24 14:45:34,290 INFO     ___FILE_ONLY___ ca-crowdfunding.com
2020-04-24 14:45:34,290 INFO     ___FILE_ONLY___   
2020-04-24 14:45:34,290 INFO     ___FILE_ONLY___ 960603149470
2020-04-24 14:45:34,290 INFO     ___FILE_ONLY___   
2020-04-24 14:45:34,290 INFO     ___FILE_ONLY___             C0394d0c0
2020-04-24 14:45:34,290 INFO     ___FILE_ONLY___ 

2020-04-24 14:45:34,302 DEBUG    root            Metrics reporting process started...
