2020-04-24 14:46:13,360 DEBUG    root            Running [gcloud] with arguments: [-h: "None"]
2020-04-24 14:46:13,362 DEBUG    root            No implementation for release track [GA] for element: [/usr/local/Caskroom/google-cloud-sdk/latest/google-cloud-sdk/lib/surface/web_security_scanner]
2020-04-24 14:46:13,384 DEBUG    root            Loaded Command Group: [u'gcloud', u'info']
2020-04-24 14:46:13,394 DEBUG    root            No implementation for release track [GA] for element: [/usr/local/Caskroom/google-cloud-sdk/latest/google-cloud-sdk/lib/surface/code]
2020-04-24 14:46:13,398 DEBUG    root            Loaded Command Group: [u'gcloud', u'feedback']
2020-04-24 14:46:13,401 DEBUG    root            No implementation for release track [GA] for element: [/usr/local/Caskroom/google-cloud-sdk/latest/google-cloud-sdk/lib/surface/storage]
2020-04-24 14:46:13,404 DEBUG    root            Loaded Command Group: [u'gcloud', u'app']
2020-04-24 14:46:13,407 DEBUG    root            No implementation for release track [GA] for element: [/usr/local/Caskroom/google-cloud-sdk/latest/google-cloud-sdk/lib/surface/scc]
2020-04-24 14:46:13,409 DEBUG    root            Loaded Command Group: [u'gcloud', u'tasks']
2020-04-24 14:46:13,412 DEBUG    root            Loaded Command Group: [u'gcloud', u'data_catalog']
2020-04-24 14:46:13,416 DEBUG    root            Loaded Command Group: [u'gcloud', u'composer']
2020-04-24 14:46:13,467 DEBUG    root            Loaded Command Group: [u'gcloud', u'ai_platform']
2020-04-24 14:46:13,470 DEBUG    root            Loaded Command Group: [u'gcloud', u'iam']
2020-04-24 14:46:13,474 DEBUG    root            Loaded Command Group: [u'gcloud', u'anthos']
2020-04-24 14:46:13,477 DEBUG    root            No implementation for release track [GA] for element: [/usr/local/Caskroom/google-cloud-sdk/latest/google-cloud-sdk/lib/surface/billing]
2020-04-24 14:46:13,480 DEBUG    root            No implementation for release track [GA] for element: [/usr/local/Caskroom/google-cloud-sdk/latest/google-cloud-sdk/lib/surface/artifacts]
2020-04-24 14:46:13,481 DEBUG    root            No implementation for release track [GA] for element: [/usr/local/Caskroom/google-cloud-sdk/latest/google-cloud-sdk/lib/surface/notebooks]
2020-04-24 14:46:13,497 DEBUG    root            Loaded Command Group: [u'gcloud', u'help']
2020-04-24 14:46:13,517 DEBUG    root            Loaded Command Group: [u'gcloud', u'init']
2020-04-24 14:46:13,520 DEBUG    root            Loaded Command Group: [u'gcloud', u'source']
2020-04-24 14:46:13,522 DEBUG    root            Loaded Command Group: [u'gcloud', u'network_management']
2020-04-24 14:46:13,525 DEBUG    root            Loaded Command Group: [u'gcloud', u'version']
2020-04-24 14:46:13,527 DEBUG    root            Loaded Command Group: [u'gcloud', u'asset']
2020-04-24 14:46:13,530 DEBUG    root            Loaded Command Group: [u'gcloud', u'dns']
2020-04-24 14:46:13,533 DEBUG    root            No implementation for release track [GA] for element: [/usr/local/Caskroom/google-cloud-sdk/latest/google-cloud-sdk/lib/surface/lifesciences]
2020-04-24 14:46:13,535 DEBUG    root            Loaded Command Group: [u'gcloud', u'iap']
2020-04-24 14:46:13,538 DEBUG    root            No implementation for release track [GA] for element: [/usr/local/Caskroom/google-cloud-sdk/latest/google-cloud-sdk/lib/surface/resources]
2020-04-24 14:46:13,540 DEBUG    root            Loaded Command Group: [u'gcloud', u'pubsub']
2020-04-24 14:46:13,543 DEBUG    root            No implementation for release track [GA] for element: [/usr/local/Caskroom/google-cloud-sdk/latest/google-cloud-sdk/lib/surface/api_gateway]
2020-04-24 14:46:13,545 DEBUG    root            Loaded Command Group: [u'gcloud', u'policy_troubleshoot']
2020-04-24 14:46:13,547 DEBUG    root            No implementation for release track [GA] for element: [/usr/local/Caskroom/google-cloud-sdk/latest/google-cloud-sdk/lib/surface/recaptcha]
2020-04-24 14:46:13,549 DEBUG    root            No implementation for release track [GA] for element: [/usr/local/Caskroom/google-cloud-sdk/latest/google-cloud-sdk/lib/surface/emulators]
2020-04-24 14:46:13,550 DEBUG    root            Loaded Command Group: [u'gcloud', u'auth']
2020-04-24 14:46:13,554 DEBUG    root            No implementation for release track [GA] for element: [/usr/local/Caskroom/google-cloud-sdk/latest/google-cloud-sdk/lib/surface/search_help]
2020-04-24 14:46:13,556 DEBUG    root            No implementation for release track [GA] for element: [/usr/local/Caskroom/google-cloud-sdk/latest/google-cloud-sdk/lib/surface/game]
2020-04-24 14:46:13,557 DEBUG    root            No implementation for release track [GA] for element: [/usr/local/Caskroom/google-cloud-sdk/latest/google-cloud-sdk/lib/surface/memcache]
2020-04-24 14:46:13,559 DEBUG    root            Loaded Command Group: [u'gcloud', u'scheduler']
2020-04-24 14:46:13,561 DEBUG    root            No implementation for release track [GA] for element: [/usr/local/Caskroom/google-cloud-sdk/latest/google-cloud-sdk/lib/surface/workflows]
2020-04-24 14:46:13,563 DEBUG    root            Loaded Command Group: [u'gcloud', u'spanner']
2020-04-24 14:46:13,566 DEBUG    root            Loaded Command Group: [u'gcloud', u'projects']
2020-04-24 14:46:13,569 DEBUG    root            Loaded Command Group: [u'gcloud', u'resource_manager']
2020-04-24 14:46:13,571 DEBUG    root            Loaded Command Group: [u'gcloud', u'organizations']
2020-04-24 14:46:13,703 DEBUG    root            Loaded Command Group: [u'gcloud', u'compute']
2020-04-24 14:46:13,716 DEBUG    root            Loaded Command Group: [u'gcloud', u'builds']
2020-04-24 14:46:13,719 DEBUG    root            Loaded Command Group: [u'gcloud', u'dataflow']
2020-04-24 14:46:13,721 DEBUG    root            Loaded Command Group: [u'gcloud', u'ml']
2020-04-24 14:46:13,724 DEBUG    root            No implementation for release track [GA] for element: [/usr/local/Caskroom/google-cloud-sdk/latest/google-cloud-sdk/lib/surface/org_policies]
2020-04-24 14:46:13,726 DEBUG    root            Loaded Command Group: [u'gcloud', u'active_directory']
2020-04-24 14:46:13,729 DEBUG    root            No implementation for release track [GA] for element: [/usr/local/Caskroom/google-cloud-sdk/latest/google-cloud-sdk/lib/surface/access_approval]
2020-04-24 14:46:13,731 DEBUG    root            No implementation for release track [GA] for element: [/usr/local/Caskroom/google-cloud-sdk/latest/google-cloud-sdk/lib/surface/error_reporting]
2020-04-24 14:46:13,740 DEBUG    root            Loaded Command Group: [u'gcloud', u'debug']
2020-04-24 14:46:13,742 DEBUG    root            No implementation for release track [GA] for element: [/usr/local/Caskroom/google-cloud-sdk/latest/google-cloud-sdk/lib/surface/data_fusion]
2020-04-24 14:46:13,744 DEBUG    root            Loaded Command Group: [u'gcloud', u'endpoints']
2020-04-24 14:46:13,746 DEBUG    root            Loaded Command Group: [u'gcloud', u'deployment_manager']
2020-04-24 14:46:13,749 DEBUG    root            Loaded Command Group: [u'gcloud', u'monitoring']
2020-04-24 14:46:13,752 DEBUG    root            Loaded Command Group: [u'gcloud', u'topic']
2020-04-24 14:46:13,755 DEBUG    root            No implementation for release track [GA] for element: [/usr/local/Caskroom/google-cloud-sdk/latest/google-cloud-sdk/lib/surface/healthcare]
2020-04-24 14:46:13,756 DEBUG    root            Loaded Command Group: [u'gcloud', u'meta']
2020-04-24 14:46:13,759 DEBUG    root            No implementation for release track [GA] for element: [/usr/local/Caskroom/google-cloud-sdk/latest/google-cloud-sdk/lib/surface/service_directory]
2020-04-24 14:46:13,834 DEBUG    root            No implementation for release track [GA] for element: [/usr/local/Caskroom/google-cloud-sdk/latest/google-cloud-sdk/lib/surface/events]
2020-04-24 14:46:13,835 DEBUG    root            Loaded Command Group: [u'gcloud', u'datastore']
2020-04-24 14:46:13,841 DEBUG    root            Loaded Command Group: [u'gcloud', u'functions']
2020-04-24 14:46:13,844 DEBUG    root            Loaded Command Group: [u'gcloud', u'container']
2020-04-24 14:46:13,847 DEBUG    root            Loaded Command Group: [u'gcloud', u'redis']
2020-04-24 14:46:13,849 DEBUG    root            No implementation for release track [GA] for element: [/usr/local/Caskroom/google-cloud-sdk/latest/google-cloud-sdk/lib/surface/network_services]
2020-04-24 14:46:13,851 DEBUG    root            Loaded Command Group: [u'gcloud', u'dataproc']
2020-04-24 14:46:13,853 DEBUG    root            No implementation for release track [GA] for element: [/usr/local/Caskroom/google-cloud-sdk/latest/google-cloud-sdk/lib/surface/dialogflow]
2020-04-24 14:46:13,855 DEBUG    root            No implementation for release track [GA] for element: [/usr/local/Caskroom/google-cloud-sdk/latest/google-cloud-sdk/lib/surface/dlp]
2020-04-24 14:46:13,857 DEBUG    root            Loaded Command Group: [u'gcloud', u'kms']
2020-04-24 14:46:13,860 DEBUG    root            Loaded Command Group: [u'gcloud', u'config']
2020-04-24 14:46:13,863 DEBUG    root            Loaded Command Group: [u'gcloud', u'access_context_manager']
2020-04-24 14:46:13,867 DEBUG    root            No implementation for release track [GA] for element: [/usr/local/Caskroom/google-cloud-sdk/latest/google-cloud-sdk/lib/surface/cloud_shell]
2020-04-24 14:46:13,868 DEBUG    root            No implementation for release track [GA] for element: [/usr/local/Caskroom/google-cloud-sdk/latest/google-cloud-sdk/lib/surface/privateca]
2020-04-24 14:46:13,870 DEBUG    root            Loaded Command Group: [u'gcloud', u'run']
2020-04-24 14:46:13,875 DEBUG    root            No implementation for release track [GA] for element: [/usr/local/Caskroom/google-cloud-sdk/latest/google-cloud-sdk/lib/surface/trace]
2020-04-24 14:46:13,877 DEBUG    root            No implementation for release track [GA] for element: [/usr/local/Caskroom/google-cloud-sdk/latest/google-cloud-sdk/lib/surface/genomics]
2020-04-24 14:46:13,879 DEBUG    root            No implementation for release track [GA] for element: [/usr/local/Caskroom/google-cloud-sdk/latest/google-cloud-sdk/lib/surface/labelmanager]
2020-04-24 14:46:13,879 DEBUG    root            Loaded Command Group: [u'gcloud', u'ml_engine']
2020-04-24 14:46:13,882 DEBUG    root            Loaded Command Group: [u'gcloud', u'iot']
2020-04-24 14:46:13,885 DEBUG    root            Loaded Command Group: [u'gcloud', u'firebase']
2020-04-24 14:46:13,887 DEBUG    root            Loaded Command Group: [u'gcloud', u'filestore']
2020-04-24 14:46:13,890 DEBUG    root            No implementation for release track [GA] for element: [/usr/local/Caskroom/google-cloud-sdk/latest/google-cloud-sdk/lib/surface/bq]
2020-04-24 14:46:13,892 DEBUG    root            Loaded Command Group: [u'gcloud', u'sql']
2020-04-24 14:46:13,895 DEBUG    root            Loaded Command Group: [u'gcloud', u'services']
2020-04-24 14:46:13,898 DEBUG    root            Loaded Command Group: [u'gcloud', u'recommender']
2020-04-24 14:46:13,901 DEBUG    root            Loaded Command Group: [u'gcloud', u'bigtable']
2020-04-24 14:46:13,904 DEBUG    root            Loaded Command Group: [u'gcloud', u'logging']
2020-04-24 14:46:13,907 DEBUG    root            Loaded Command Group: [u'gcloud', u'service_management']
2020-04-24 14:46:13,910 DEBUG    root            Loaded Command Group: [u'gcloud', u'secrets']
2020-04-24 14:46:13,913 DEBUG    root            No implementation for release track [GA] for element: [/usr/local/Caskroom/google-cloud-sdk/latest/google-cloud-sdk/lib/surface/remote_build_execution]
2020-04-24 14:46:13,915 DEBUG    root            No implementation for release track [GA] for element: [/usr/local/Caskroom/google-cloud-sdk/latest/google-cloud-sdk/lib/surface/runtime_config]
2020-04-24 14:46:13,933 DEBUG    root            Loaded Command Group: [u'gcloud', u'survey']
2020-04-24 14:46:13,935 DEBUG    root            Loaded Command Group: [u'gcloud', u'components']
2020-04-24 14:46:13,939 DEBUG    root            No implementation for release track [GA] for element: [/usr/local/Caskroom/google-cloud-sdk/latest/google-cloud-sdk/lib/surface/identity]
2020-04-24 14:46:13,940 DEBUG    root            Loaded Command Group: [u'gcloud', u'domains']
2020-04-24 14:46:13,969 DEBUG    root            Loaded Command Group: [u'gcloud', u'docker']
2020-04-24 14:46:14,164 DEBUG    root            No implementation for release track [GA] for element: [/usr/local/Caskroom/google-cloud-sdk/latest/google-cloud-sdk/lib/surface/interactive]
2020-04-24 14:46:14,166 DEBUG    root            Loaded Command Group: [u'gcloud', u'firestore']
2020-04-24 14:46:14,169 INFO     ___FILE_ONLY___ Usage: gcloud [optional flags] <group | command>
  group may be           access-context-manager | active-directory |
                         ai-platform | anthos | app | asset | auth | bigtable |
                         builds | components | composer | compute | config |
                         container | data-catalog | dataflow | dataproc |
                         datastore | debug | deployment-manager | dns |
                         domains | endpoints | filestore | firebase |
                         firestore | functions | iam | iap | iot | kms |
                         logging | ml | ml-engine | monitoring |
                         network-management | organizations |
                         policy-troubleshoot | projects | pubsub | recommender |
                         redis | resource-manager | run | scheduler | secrets |
                         services | source | spanner | sql | tasks | topic
  command may be         docker | feedback | help | info | init | survey |
                         version

For detailed information on this command and its flags, run:
  gcloud --help

2020-04-24 14:46:14,178 DEBUG    root            Metrics reporting process started...
