2020-04-24 14:42:38,372 DEBUG    root            Loaded Command Group: [u'gcloud', u'auth']
2020-04-24 14:42:38,508 DEBUG    root            Loaded Command Group: [u'gcloud', u'auth', u'login']
2020-04-24 14:42:38,511 DEBUG    root            Running [gcloud.auth.login] with arguments: []
2020-04-24 14:42:38,513 DEBUG    requests_oauthlib.oauth2_session Generated new state zDqGUU6yOwNRTvtBj72jWWcO60oMvU.
2020-04-24 14:42:38,822 INFO     ___FILE_ONLY___ Your browser has been opened to visit:

    https://accounts.google.com/o/oauth2/auth?response_type=code&client_id=32555940559.apps.googleusercontent.com&redirect_uri=http%3A%2F%2Flocalhost%3A8085%2F&scope=openid+https%3A%2F%2Fwww.googleapis.com%2Fauth%2Fuserinfo.email+https%3A%2F%2Fwww.googleapis.com%2Fauth%2Fcloud-platform+https%3A%2F%2Fwww.googleapis.com%2Fauth%2Fappengine.admin+https%3A%2F%2Fwww.googleapis.com%2Fauth%2Fcompute+https%3A%2F%2Fwww.googleapis.com%2Fauth%2Faccounts.reauth&state=zDqGUU6yOwNRTvtBj72jWWcO60oMvU&code_challenge=Z_gT36NiEY513geNFVVjUVBP8nSOEQjHmxzfSjptdpg&code_challenge_method=S256&access_type=offline


2020-04-24 14:42:45,155 INFO     google_auth_oauthlib.flow "GET /?state=zDqGUU6yOwNRTvtBj72jWWcO60oMvU&code=4/zAEhWrC5hL52qScUoXuWFQ3iK6qJ9HvML_GoEVen6RYluwj0FPHcvMo5R78drmAx3B3JO0S0PuDcujVrpt22LF4&scope=email%20openid%20https://www.googleapis.com/auth/userinfo.email%20https://www.googleapis.com/auth/cloud-platform%20https://www.googleapis.com/auth/appengine.admin%20https://www.googleapis.com/auth/compute%20https://www.googleapis.com/auth/accounts.reauth&authuser=0&hd=makuake.co.jp&prompt=consent HTTP/1.1" 200 959
2020-04-24 14:42:45,156 DEBUG    requests_oauthlib.oauth2_session Encoding `client_id` "32555940559.apps.googleusercontent.com" with `client_secret` as Basic auth credentials.
2020-04-24 14:42:45,156 DEBUG    requests_oauthlib.oauth2_session Requesting url https://www.googleapis.com/oauth2/v4/token using method POST.
2020-04-24 14:42:45,156 DEBUG    requests_oauthlib.oauth2_session Supplying headers {u'Content-Type': u'application/x-www-form-urlencoded;charset=UTF-8', u'Accept': u'application/json'} and data {u'code': u'4/zAEhWrC5hL52qScUoXuWFQ3iK6qJ9HvML_GoEVen6RYluwj0FPHcvMo5R78drmAx3B3JO0S0PuDcujVrpt22LF4', u'code_verifier': u'Eq3V~1s9ok~rn73lKfqiykNrYFK6zMQcuutyO1WoQOAsWPUxewuPrgtyIvPuecxsyDQw4QpHqYWCtvePy3F572MAg05Y-rxdcmnqnwXghKf9-IjwgFMuUNK.UT4pmUNA', u'grant_type': u'authorization_code', u'redirect_uri': u'http://localhost:8085/'}
2020-04-24 14:42:45,156 DEBUG    requests_oauthlib.oauth2_session Passing through key word arguments {'verify': True, 'json': None, 'proxies': None, 'timeout': None, 'auth': <requests.auth.HTTPBasicAuth object at 0x10ea71c10>}.
2020-04-24 14:42:45,163 DEBUG    urllib3.connectionpool Starting new HTTPS connection (1): www.googleapis.com:443
2020-04-24 14:42:45,531 DEBUG    urllib3.connectionpool https://www.googleapis.com:443 "POST /oauth2/v4/token HTTP/1.1" 200 None
2020-04-24 14:42:45,532 DEBUG    requests_oauthlib.oauth2_session Prepared fetch token request body grant_type=authorization_code&code_verifier=Eq3V%7E1s9ok%7Ern73lKfqiykNrYFK6zMQcuutyO1WoQOAsWPUxewuPrgtyIvPuecxsyDQw4QpHqYWCtvePy3F572MAg05Y-rxdcmnqnwXghKf9-IjwgFMuUNK.UT4pmUNA&code=4%2FzAEhWrC5hL52qScUoXuWFQ3iK6qJ9HvML_GoEVen6RYluwj0FPHcvMo5R78drmAx3B3JO0S0PuDcujVrpt22LF4&redirect_uri=http%3A%2F%2Flocalhost%3A8085%2F
2020-04-24 14:42:45,532 DEBUG    requests_oauthlib.oauth2_session Request to fetch token completed with status 200.
2020-04-24 14:42:45,532 DEBUG    requests_oauthlib.oauth2_session Request headers were {'Content-Length': '319', 'Accept-Encoding': 'gzip, deflate', 'Accept': u'application/json', 'User-Agent': 'python-requests/2.22.0', 'Connection': 'keep-alive', 'Content-Type': u'application/x-www-form-urlencoded;charset=UTF-8', 'Authorization': 'Basic MzI1NTU5NDA1NTkuYXBwcy5nb29nbGV1c2VyY29udGVudC5jb206Wm1zc0xOakp5Mjk5OGhENENUZzJlanIy'}
2020-04-24 14:42:45,533 DEBUG    requests_oauthlib.oauth2_session Request body was code=4%2FzAEhWrC5hL52qScUoXuWFQ3iK6qJ9HvML_GoEVen6RYluwj0FPHcvMo5R78drmAx3B3JO0S0PuDcujVrpt22LF4&code_verifier=Eq3V%7E1s9ok%7Ern73lKfqiykNrYFK6zMQcuutyO1WoQOAsWPUxewuPrgtyIvPuecxsyDQw4QpHqYWCtvePy3F572MAg05Y-rxdcmnqnwXghKf9-IjwgFMuUNK.UT4pmUNA&grant_type=authorization_code&redirect_uri=http%3A%2F%2Flocalhost%3A8085%2F
2020-04-24 14:42:45,533 DEBUG    requests_oauthlib.oauth2_session Response headers were {'X-XSS-Protection': '0', 'X-Content-Type-Options': 'nosniff', 'Content-Encoding': 'gzip', 'Transfer-Encoding': 'chunked', 'Vary': 'Origin, X-Origin, Referer', 'Server': 'scaffolding on HTTPServer2', 'Cache-Control': 'private', 'Date': 'Fri, 24 Apr 2020 05:42:45 GMT', 'X-Frame-Options': 'SAMEORIGIN', 'Alt-Svc': 'quic=":443"; ma=2592000; v="46,43",h3-Q050=":443"; ma=2592000,h3-Q049=":443"; ma=2592000,h3-Q048=":443"; ma=2592000,h3-Q046=":443"; ma=2592000,h3-Q043=":443"; ma=2592000,h3-T050=":443"; ma=2592000', 'Content-Type': 'application/json; charset=utf-8'} and content {
  "access_token": "ya29.a0Ae4lvC1DD7QbDKvUA84_uef_UM_4yWJEgPNtGSGApJ1VhKn1RkfUUajjzNB7SpK9cqcm3IDlATpX28ew_aKeISFPFIFtV_VG5Twf6zi-A46cCEbALdtzvkkCS64n7AQfFUe7G8ykGxxq_Kan3Q5zjgJNGnz5s4Hgat7bvQYnBfE",
  "expires_in": 3599,
  "refresh_token": "1//0ej_X9KNuEkKoCgYIARAAGA4SNwF-L9IrNKM8ngSQ6tbMYHJALlRoxmiOTYvSyE__GHOLDNex6NayQeeCW1DidX8Si3MvbWM7pHg",
  "scope": "openid https://www.googleapis.com/auth/userinfo.email https://www.googleapis.com/auth/appengine.admin https://www.googleapis.com/auth/compute https://www.googleapis.com/auth/accounts.reauth https://www.googleapis.com/auth/cloud-platform",
  "token_type": "Bearer",
  "id_token": "eyJhbGciOiJSUzI1NiIsImtpZCI6IjI4Yjc0MWU4ZGU5ODRhNDcxNTlmMTllNmQ3NzgzZTlkNGZhODEwZGIiLCJ0eXAiOiJKV1QifQ.eyJpc3MiOiJodHRwczovL2FjY291bnRzLmdvb2dsZS5jb20iLCJhenAiOiIzMjU1NTk0MDU1OS5hcHBzLmdvb2dsZXVzZXJjb250ZW50LmNvbSIsImF1ZCI6IjMyNTU1OTQwNTU5LmFwcHMuZ29vZ2xldXNlcmNvbnRlbnQuY29tIiwic3ViIjoiMTA5MDk4NTI1NTU0MTM4NDA0OTU2IiwiaGQiOiJtYWt1YWtlLmNvLmpwIiwiZW1haWwiOiJub2J1eWEub3NoaXJvQG1ha3Vha2UuY28uanAiLCJlbWFpbF92ZXJpZmllZCI6dHJ1ZSwiYXRfaGFzaCI6IkJZTmlxZEhXbGR0RFoxZkhIaDR3Y1EiLCJpYXQiOjE1ODc3MDY5NjUsImV4cCI6MTU4NzcxMDU2NX0.cLz0jwD7TYry_hnsItUk5tePhqy-2_pyxKVS_K2JLeej-Hsncw8RFS6zdo-nXorGwFsJQF8fGjGlPIUXuJb7VOf3jr1_WrESJgy2KemST0QlxfcFbRK7qKHgh8hryu6OqBMH3E0kDIuTPPpJBVD7B1HfZ2dNpM98wxinSH56-qnJ3DBL1YWMRzf_8s9CBrCK44fJEd1_wE_2lGztz1jIiKkJqZ61EE9zTfxR2qv9jAg3FiWq0Rvi0TycotE-2-N1_xMvCSMdKfuw2dISrVDsfQWLZQgIaDLabVzGlHhYtWHSfyk4XVtKViPT2UeNWpwDuqKLSM6QqMJqW_0sLuNqBg"
}.
2020-04-24 14:42:45,533 DEBUG    requests_oauthlib.oauth2_session Invoking 0 token response hooks.
2020-04-24 14:42:45,533 DEBUG    requests_oauthlib.oauth2_session Obtained token {u'token_type': u'Bearer', u'refresh_token': u'1//0ej_X9KNuEkKoCgYIARAAGA4SNwF-L9IrNKM8ngSQ6tbMYHJALlRoxmiOTYvSyE__GHOLDNex6NayQeeCW1DidX8Si3MvbWM7pHg', u'scope': [u'openid', u'https://www.googleapis.com/auth/userinfo.email', u'https://www.googleapis.com/auth/appengine.admin', u'https://www.googleapis.com/auth/compute', u'https://www.googleapis.com/auth/accounts.reauth', u'https://www.googleapis.com/auth/cloud-platform'], u'access_token': u'ya29.a0Ae4lvC1DD7QbDKvUA84_uef_UM_4yWJEgPNtGSGApJ1VhKn1RkfUUajjzNB7SpK9cqcm3IDlATpX28ew_aKeISFPFIFtV_VG5Twf6zi-A46cCEbALdtzvkkCS64n7AQfFUe7G8ykGxxq_Kan3Q5zjgJNGnz5s4Hgat7bvQYnBfE', u'id_token': u'eyJhbGciOiJSUzI1NiIsImtpZCI6IjI4Yjc0MWU4ZGU5ODRhNDcxNTlmMTllNmQ3NzgzZTlkNGZhODEwZGIiLCJ0eXAiOiJKV1QifQ.eyJpc3MiOiJodHRwczovL2FjY291bnRzLmdvb2dsZS5jb20iLCJhenAiOiIzMjU1NTk0MDU1OS5hcHBzLmdvb2dsZXVzZXJjb250ZW50LmNvbSIsImF1ZCI6IjMyNTU1OTQwNTU5LmFwcHMuZ29vZ2xldXNlcmNvbnRlbnQuY29tIiwic3ViIjoiMTA5MDk4NTI1NTU0MTM4NDA0OTU2IiwiaGQiOiJtYWt1YWtlLmNvLmpwIiwiZW1haWwiOiJub2J1eWEub3NoaXJvQG1ha3Vha2UuY28uanAiLCJlbWFpbF92ZXJpZmllZCI6dHJ1ZSwiYXRfaGFzaCI6IkJZTmlxZEhXbGR0RFoxZkhIaDR3Y1EiLCJpYXQiOjE1ODc3MDY5NjUsImV4cCI6MTU4NzcxMDU2NX0.cLz0jwD7TYry_hnsItUk5tePhqy-2_pyxKVS_K2JLeej-Hsncw8RFS6zdo-nXorGwFsJQF8fGjGlPIUXuJb7VOf3jr1_WrESJgy2KemST0QlxfcFbRK7qKHgh8hryu6OqBMH3E0kDIuTPPpJBVD7B1HfZ2dNpM98wxinSH56-qnJ3DBL1YWMRzf_8s9CBrCK44fJEd1_wE_2lGztz1jIiKkJqZ61EE9zTfxR2qv9jAg3FiWq0Rvi0TycotE-2-N1_xMvCSMdKfuw2dISrVDsfQWLZQgIaDLabVzGlHhYtWHSfyk4XVtKViPT2UeNWpwDuqKLSM6QqMJqW_0sLuNqBg', u'expires_in': 3599, u'expires_at': 1587710564.533624}.
2020-04-24 14:42:45,547 INFO     ___FILE_ONLY___ 
You are now logged in as [nobuya.oshiro@makuake.co.jp].
Your current project is [None].  You can change this setting by running:
  $ gcloud config set project PROJECT_ID

2020-04-24 14:42:45,548 INFO     root            Display format: "none"
2020-04-24 14:42:45,574 DEBUG    root            Metrics reporting process started...
