2020-04-24 14:46:37,818 DEBUG    root            Loaded Command Group: [u'gcloud', u'projects']
2020-04-24 14:46:37,823 DEBUG    root            Loaded Command Group: [u'gcloud', u'projects', u'list']
2020-04-24 14:46:37,826 DEBUG    root            Running [gcloud.projects.list] with arguments: []
2020-04-24 14:46:37,826 INFO     root            client_filter="None" server_filter="None"
2020-04-24 14:46:37,841 INFO     root            Display format: "
    table(
      projectId:sort=1,
      name,
      projectNumber
    )
"
2020-04-24 14:46:39,051 INFO     ___FILE_ONLY___ PROJECT_ID
2020-04-24 14:46:39,052 INFO     ___FILE_ONLY___                       
2020-04-24 14:46:39,052 INFO     ___FILE_ONLY___ NAME
2020-04-24 14:46:39,052 INFO     ___FILE_ONLY___                             
2020-04-24 14:46:39,052 INFO     ___FILE_ONLY___ PROJECT_NUMBER
2020-04-24 14:46:39,052 INFO     ___FILE_ONLY___ 

2020-04-24 14:46:39,052 INFO     ___FILE_ONLY___ analyze-temporary
2020-04-24 14:46:39,052 INFO     ___FILE_ONLY___                
2020-04-24 14:46:39,053 INFO     ___FILE_ONLY___ analyze-temporary
2020-04-24 14:46:39,053 INFO     ___FILE_ONLY___                
2020-04-24 14:46:39,053 INFO     ___FILE_ONLY___ 273933665858
2020-04-24 14:46:39,053 INFO     ___FILE_ONLY___ 

2020-04-24 14:46:39,053 INFO     ___FILE_ONLY___ api-test-215304
2020-04-24 14:46:39,054 INFO     ___FILE_ONLY___                  
2020-04-24 14:46:39,054 INFO     ___FILE_ONLY___ API TEST
2020-04-24 14:46:39,054 INFO     ___FILE_ONLY___                         
2020-04-24 14:46:39,054 INFO     ___FILE_ONLY___ 398098223693
2020-04-24 14:46:39,054 INFO     ___FILE_ONLY___ 

2020-04-24 14:46:39,055 INFO     ___FILE_ONLY___ apitest-210106
2020-04-24 14:46:39,055 INFO     ___FILE_ONLY___                   
2020-04-24 14:46:39,055 INFO     ___FILE_ONLY___ APITEST
2020-04-24 14:46:39,055 INFO     ___FILE_ONLY___                          
2020-04-24 14:46:39,056 INFO     ___FILE_ONLY___ 470631731373
2020-04-24 14:46:39,056 INFO     ___FILE_ONLY___ 

2020-04-24 14:46:39,056 INFO     ___FILE_ONLY___ app-maker-default-datastore
2020-04-24 14:46:39,056 INFO     ___FILE_ONLY___      
2020-04-24 14:46:39,056 INFO     ___FILE_ONLY___ app-maker-default-datastore
2020-04-24 14:46:39,056 INFO     ___FILE_ONLY___      
2020-04-24 14:46:39,056 INFO     ___FILE_ONLY___ 428103311455
2020-04-24 14:46:39,057 INFO     ___FILE_ONLY___ 

2020-04-24 14:46:39,057 INFO     ___FILE_ONLY___ balmy-metrics-244406
2020-04-24 14:46:39,057 INFO     ___FILE_ONLY___             
2020-04-24 14:46:39,057 INFO     ___FILE_ONLY___ My First Project
2020-04-24 14:46:39,057 INFO     ___FILE_ONLY___                 
2020-04-24 14:46:39,057 INFO     ___FILE_ONLY___ 819212307122
2020-04-24 14:46:39,057 INFO     ___FILE_ONLY___ 

2020-04-24 14:46:39,057 INFO     ___FILE_ONLY___ bi-redash-269605
2020-04-24 14:46:39,058 INFO     ___FILE_ONLY___                 
2020-04-24 14:46:39,058 INFO     ___FILE_ONLY___ BI-Redash
2020-04-24 14:46:39,058 INFO     ___FILE_ONLY___                        
2020-04-24 14:46:39,058 INFO     ___FILE_ONLY___ 9963571765
2020-04-24 14:46:39,058 INFO     ___FILE_ONLY___ 

2020-04-24 14:46:39,058 INFO     ___FILE_ONLY___ feed-ga
2020-04-24 14:46:39,058 INFO     ___FILE_ONLY___                          
2020-04-24 14:46:39,058 INFO     ___FILE_ONLY___ feed-ga
2020-04-24 14:46:39,058 INFO     ___FILE_ONLY___                          
2020-04-24 14:46:39,058 INFO     ___FILE_ONLY___ 580960660922
2020-04-24 14:46:39,058 INFO     ___FILE_ONLY___ 

2020-04-24 14:46:39,058 INFO     ___FILE_ONLY___ fir-demo-project
2020-04-24 14:46:39,059 INFO     ___FILE_ONLY___                 
2020-04-24 14:46:39,059 INFO     ___FILE_ONLY___ Firebase Demo Project
2020-04-24 14:46:39,059 INFO     ___FILE_ONLY___            
2020-04-24 14:46:39,059 INFO     ___FILE_ONLY___ 300830567303
2020-04-24 14:46:39,059 INFO     ___FILE_ONLY___ 

2020-04-24 14:46:39,059 INFO     ___FILE_ONLY___ golden-tower-173001
2020-04-24 14:46:39,060 INFO     ___FILE_ONLY___              
2020-04-24 14:46:39,060 INFO     ___FILE_ONLY___ GoogleDriveReport
2020-04-24 14:46:39,060 INFO     ___FILE_ONLY___                
2020-04-24 14:46:39,060 INFO     ___FILE_ONLY___ 848064391257
2020-04-24 14:46:39,060 INFO     ___FILE_ONLY___ 

2020-04-24 14:46:39,060 INFO     ___FILE_ONLY___ kimura-sample
2020-04-24 14:46:39,061 INFO     ___FILE_ONLY___                    
2020-04-24 14:46:39,061 INFO     ___FILE_ONLY___ kimura-sample
2020-04-24 14:46:39,061 INFO     ___FILE_ONLY___                    
2020-04-24 14:46:39,061 INFO     ___FILE_ONLY___ 880804343065
2020-04-24 14:46:39,061 INFO     ___FILE_ONLY___ 

2020-04-24 14:46:39,061 INFO     ___FILE_ONLY___ makuake-6af40b51ad50
2020-04-24 14:46:39,061 INFO     ___FILE_ONLY___             
2020-04-24 14:46:39,061 INFO     ___FILE_ONLY___ makuake-terraform
2020-04-24 14:46:39,061 INFO     ___FILE_ONLY___                
2020-04-24 14:46:39,061 INFO     ___FILE_ONLY___ 969458825021
2020-04-24 14:46:39,062 INFO     ___FILE_ONLY___ 

2020-04-24 14:46:39,062 INFO     ___FILE_ONLY___ makuake-6f15098ce017
2020-04-24 14:46:39,062 INFO     ___FILE_ONLY___             
2020-04-24 14:46:39,062 INFO     ___FILE_ONLY___ makuake-production
2020-04-24 14:46:39,062 INFO     ___FILE_ONLY___               
2020-04-24 14:46:39,062 INFO     ___FILE_ONLY___ 910950039005
2020-04-24 14:46:39,062 INFO     ___FILE_ONLY___ 

2020-04-24 14:46:39,062 INFO     ___FILE_ONLY___ makuake-bi-1571300336718
2020-04-24 14:46:39,062 INFO     ___FILE_ONLY___         
2020-04-24 14:46:39,062 INFO     ___FILE_ONLY___ Makuake-bi
2020-04-24 14:46:39,062 INFO     ___FILE_ONLY___                       
2020-04-24 14:46:39,063 INFO     ___FILE_ONLY___ 144994500705
2020-04-24 14:46:39,063 INFO     ___FILE_ONLY___ 

2020-04-24 14:46:39,063 INFO     ___FILE_ONLY___ makuake-bi-metab-1571299495365
2020-04-24 14:46:39,063 INFO     ___FILE_ONLY___   
2020-04-24 14:46:39,063 INFO     ___FILE_ONLY___ Makuake-BI-metabase
2020-04-24 14:46:39,063 INFO     ___FILE_ONLY___              
2020-04-24 14:46:39,063 INFO     ___FILE_ONLY___ 22535922641
2020-04-24 14:46:39,063 INFO     ___FILE_ONLY___ 

2020-04-24 14:46:39,063 INFO     ___FILE_ONLY___ makuake-corporate-site
2020-04-24 14:46:39,063 INFO     ___FILE_ONLY___           
2020-04-24 14:46:39,063 INFO     ___FILE_ONLY___ Makuake corporate site
2020-04-24 14:46:39,063 INFO     ___FILE_ONLY___           
2020-04-24 14:46:39,064 INFO     ___FILE_ONLY___ 941567176914
2020-04-24 14:46:39,064 INFO     ___FILE_ONLY___ 

2020-04-24 14:46:39,064 INFO     ___FILE_ONLY___ makuake-dc335da29eaa
2020-04-24 14:46:39,064 INFO     ___FILE_ONLY___             
2020-04-24 14:46:39,064 INFO     ___FILE_ONLY___ makuake-shared-development
2020-04-24 14:46:39,064 INFO     ___FILE_ONLY___       
2020-04-24 14:46:39,064 INFO     ___FILE_ONLY___ 754604035768
2020-04-24 14:46:39,064 INFO     ___FILE_ONLY___ 

2020-04-24 14:46:39,064 INFO     ___FILE_ONLY___ makuake-e6afe63e4717
2020-04-24 14:46:39,064 INFO     ___FILE_ONLY___             
2020-04-24 14:46:39,064 INFO     ___FILE_ONLY___ makuake-e6afe63e4717
2020-04-24 14:46:39,064 INFO     ___FILE_ONLY___             
2020-04-24 14:46:39,065 INFO     ___FILE_ONLY___ 569585737147
2020-04-24 14:46:39,065 INFO     ___FILE_ONLY___ 

2020-04-24 14:46:39,065 INFO     ___FILE_ONLY___ makuake-local
2020-04-24 14:46:39,065 INFO     ___FILE_ONLY___                    
2020-04-24 14:46:39,065 INFO     ___FILE_ONLY___ makuake-local
2020-04-24 14:46:39,065 INFO     ___FILE_ONLY___                    
2020-04-24 14:46:39,065 INFO     ___FILE_ONLY___ 402514417828
2020-04-24 14:46:39,065 INFO     ___FILE_ONLY___ 

2020-04-24 14:46:39,065 INFO     ___FILE_ONLY___ makuake-saml-too-1571300542005
2020-04-24 14:46:39,065 INFO     ___FILE_ONLY___   
2020-04-24 14:46:39,065 INFO     ___FILE_ONLY___ Makuake-saml-tools
2020-04-24 14:46:39,065 INFO     ___FILE_ONLY___               
2020-04-24 14:46:39,065 INFO     ___FILE_ONLY___ 955521861703
2020-04-24 14:46:39,065 INFO     ___FILE_ONLY___ 

2020-04-24 14:46:39,066 INFO     ___FILE_ONLY___ makuake-stg3
2020-04-24 14:46:39,066 INFO     ___FILE_ONLY___                     
2020-04-24 14:46:39,066 INFO     ___FILE_ONLY___ makuake-stg3
2020-04-24 14:46:39,066 INFO     ___FILE_ONLY___                     
2020-04-24 14:46:39,066 INFO     ___FILE_ONLY___ 998595161851
2020-04-24 14:46:39,066 INFO     ___FILE_ONLY___ 

2020-04-24 14:46:39,066 INFO     ___FILE_ONLY___ matsukaze-management-kpi
2020-04-24 14:46:39,066 INFO     ___FILE_ONLY___         
2020-04-24 14:46:39,066 INFO     ___FILE_ONLY___ matsukaze-management-kpi
2020-04-24 14:46:39,066 INFO     ___FILE_ONLY___         
2020-04-24 14:46:39,066 INFO     ___FILE_ONLY___ 38259996522
2020-04-24 14:46:39,066 INFO     ___FILE_ONLY___ 

2020-04-24 14:46:39,066 INFO     ___FILE_ONLY___ mis-site
2020-04-24 14:46:39,067 INFO     ___FILE_ONLY___                         
2020-04-24 14:46:39,067 INFO     ___FILE_ONLY___ MIS site
2020-04-24 14:46:39,067 INFO     ___FILE_ONLY___                         
2020-04-24 14:46:39,067 INFO     ___FILE_ONLY___ 692217899526
2020-04-24 14:46:39,067 INFO     ___FILE_ONLY___ 

2020-04-24 14:46:39,067 INFO     ___FILE_ONLY___ my-project-helloworld-231503
2020-04-24 14:46:39,067 INFO     ___FILE_ONLY___     
2020-04-24 14:46:39,067 INFO     ___FILE_ONLY___ My Project helloworld
2020-04-24 14:46:39,067 INFO     ___FILE_ONLY___            
2020-04-24 14:46:39,067 INFO     ___FILE_ONLY___ 68307015009
2020-04-24 14:46:39,067 INFO     ___FILE_ONLY___ 

2020-04-24 14:46:39,067 INFO     ___FILE_ONLY___ nakamura-test-ga
2020-04-24 14:46:39,068 INFO     ___FILE_ONLY___                 
2020-04-24 14:46:39,068 INFO     ___FILE_ONLY___ nakamura-test-ga
2020-04-24 14:46:39,068 INFO     ___FILE_ONLY___                 
2020-04-24 14:46:39,068 INFO     ___FILE_ONLY___ 1008820058016
2020-04-24 14:46:39,068 INFO     ___FILE_ONLY___ 

2020-04-24 14:46:39,068 INFO     ___FILE_ONLY___ nasca-196607
2020-04-24 14:46:39,068 INFO     ___FILE_ONLY___                     
2020-04-24 14:46:39,068 INFO     ___FILE_ONLY___ NASCA
2020-04-24 14:46:39,068 INFO     ___FILE_ONLY___                            
2020-04-24 14:46:39,068 INFO     ___FILE_ONLY___ 470537914320
2020-04-24 14:46:39,069 INFO     ___FILE_ONLY___ 

2020-04-24 14:46:39,069 INFO     ___FILE_ONLY___ nasca-198108
2020-04-24 14:46:39,069 INFO     ___FILE_ONLY___                     
2020-04-24 14:46:39,069 INFO     ___FILE_ONLY___ NASCA
2020-04-24 14:46:39,069 INFO     ___FILE_ONLY___                            
2020-04-24 14:46:39,069 INFO     ___FILE_ONLY___ 1053035520839
2020-04-24 14:46:39,069 INFO     ___FILE_ONLY___ 

2020-04-24 14:46:39,069 INFO     ___FILE_ONLY___ notitutorialapp
2020-04-24 14:46:39,069 INFO     ___FILE_ONLY___                  
2020-04-24 14:46:39,069 INFO     ___FILE_ONLY___ NotiTutorialApp
2020-04-24 14:46:39,069 INFO     ___FILE_ONLY___                  
2020-04-24 14:46:39,070 INFO     ___FILE_ONLY___ 124373223589
2020-04-24 14:46:39,070 INFO     ___FILE_ONLY___ 

2020-04-24 14:46:39,070 INFO     ___FILE_ONLY___ projectpv
2020-04-24 14:46:39,070 INFO     ___FILE_ONLY___                        
2020-04-24 14:46:39,070 INFO     ___FILE_ONLY___ projectPV
2020-04-24 14:46:39,070 INFO     ___FILE_ONLY___                        
2020-04-24 14:46:39,070 INFO     ___FILE_ONLY___ 511070167078
2020-04-24 14:46:39,070 INFO     ___FILE_ONLY___ 

2020-04-24 14:46:39,070 INFO     ___FILE_ONLY___ projectpvjson
2020-04-24 14:46:39,071 INFO     ___FILE_ONLY___                    
2020-04-24 14:46:39,071 INFO     ___FILE_ONLY___ projectPVJSON
2020-04-24 14:46:39,071 INFO     ___FILE_ONLY___                    
2020-04-24 14:46:39,071 INFO     ___FILE_ONLY___ 85101322723
2020-04-24 14:46:39,071 INFO     ___FILE_ONLY___ 

2020-04-24 14:46:39,071 INFO     ___FILE_ONLY___ superb-avatar-256909
2020-04-24 14:46:39,071 INFO     ___FILE_ONLY___             
2020-04-24 14:46:39,071 INFO     ___FILE_ONLY___ test
2020-04-24 14:46:39,072 INFO     ___FILE_ONLY___                             
2020-04-24 14:46:39,072 INFO     ___FILE_ONLY___ 788408971236
2020-04-24 14:46:39,072 INFO     ___FILE_ONLY___ 

2020-04-24 14:46:39,072 INFO     ___FILE_ONLY___ sys-00986391065964873609484710
2020-04-24 14:46:39,072 INFO     ___FILE_ONLY___   
2020-04-24 14:46:39,072 INFO     ___FILE_ONLY___            PV    yamada
2020-04-24 14:46:39,072 INFO     ___FILE_ONLY___          
2020-04-24 14:46:39,072 INFO     ___FILE_ONLY___ 259601221051
2020-04-24 14:46:39,072 INFO     ___FILE_ONLY___ 

2020-04-24 14:46:39,072 INFO     ___FILE_ONLY___ sys-03780444474676734938707802
2020-04-24 14:46:39,073 INFO     ___FILE_ONLY___   
2020-04-24 14:46:39,073 INFO     ___FILE_ONLY___            PV    yamada
2020-04-24 14:46:39,073 INFO     ___FILE_ONLY___          
2020-04-24 14:46:39,073 INFO     ___FILE_ONLY___ 38313363674
2020-04-24 14:46:39,073 INFO     ___FILE_ONLY___ 

2020-04-24 14:46:39,073 INFO     ___FILE_ONLY___ sys-03787002680690425921575056
2020-04-24 14:46:39,073 INFO     ___FILE_ONLY___   
2020-04-24 14:46:39,073 INFO     ___FILE_ONLY___ RankingGet
2020-04-24 14:46:39,074 INFO     ___FILE_ONLY___                       
2020-04-24 14:46:39,074 INFO     ___FILE_ONLY___ 898170138989
2020-04-24 14:46:39,074 INFO     ___FILE_ONLY___ 

2020-04-24 14:46:39,074 INFO     ___FILE_ONLY___ sys-04279591107049870784799495
2020-04-24 14:46:39,074 INFO     ___FILE_ONLY___   
2020-04-24 14:46:39,074 INFO     ___FILE_ONLY___ ProjectGet
2020-04-24 14:46:39,074 INFO     ___FILE_ONLY___                       
2020-04-24 14:46:39,074 INFO     ___FILE_ONLY___ 792071634403
2020-04-24 14:46:39,074 INFO     ___FILE_ONLY___ 

2020-04-24 14:46:39,074 INFO     ___FILE_ONLY___ sys-12183973299129274967479689
2020-04-24 14:46:39,074 INFO     ___FILE_ONLY___   
2020-04-24 14:46:39,074 INFO     ___FILE_ONLY___ Salesforce
2020-04-24 14:46:39,075 INFO     ___FILE_ONLY___                       
2020-04-24 14:46:39,075 INFO     ___FILE_ONLY___ 536379909226
2020-04-24 14:46:39,075 INFO     ___FILE_ONLY___ 

2020-04-24 14:46:39,075 INFO     ___FILE_ONLY___ sys-14915705510602948872173720
2020-04-24 14:46:39,075 INFO     ___FILE_ONLY___   
2020-04-24 14:46:39,075 INFO     ___FILE_ONLY___ Salesforce
2020-04-24 14:46:39,075 INFO     ___FILE_ONLY___                       
2020-04-24 14:46:39,075 INFO     ___FILE_ONLY___ 12195552299
2020-04-24 14:46:39,075 INFO     ___FILE_ONLY___ 

2020-04-24 14:46:39,075 INFO     ___FILE_ONLY___ sys-15303033827168972259935394
2020-04-24 14:46:39,075 INFO     ___FILE_ONLY___   
2020-04-24 14:46:39,075 INFO     ___FILE_ONLY___ go to sheet
2020-04-24 14:46:39,076 INFO     ___FILE_ONLY___                      
2020-04-24 14:46:39,076 INFO     ___FILE_ONLY___ 671380512433
2020-04-24 14:46:39,076 INFO     ___FILE_ONLY___ 

2020-04-24 14:46:39,076 INFO     ___FILE_ONLY___ sys-16892880984547044341408412
2020-04-24 14:46:39,076 INFO     ___FILE_ONLY___   
2020-04-24 14:46:39,076 INFO     ___FILE_ONLY___   MTG
2020-04-24 14:46:39,076 INFO     ___FILE_ONLY___                            
2020-04-24 14:46:39,076 INFO     ___FILE_ONLY___ 937639369798
2020-04-24 14:46:39,076 INFO     ___FILE_ONLY___ 

2020-04-24 14:46:39,076 INFO     ___FILE_ONLY___ sys-17458037083473954928288631
2020-04-24 14:46:39,076 INFO     ___FILE_ONLY___   
2020-04-24 14:46:39,076 INFO     ___FILE_ONLY___ Test sendmail
2020-04-24 14:46:39,076 INFO     ___FILE_ONLY___                    
2020-04-24 14:46:39,077 INFO     ___FILE_ONLY___ 673548278071
2020-04-24 14:46:39,077 INFO     ___FILE_ONLY___ 

2020-04-24 14:46:39,077 INFO     ___FILE_ONLY___ sys-26047878984608482260316631
2020-04-24 14:46:39,077 INFO     ___FILE_ONLY___   
2020-04-24 14:46:39,077 INFO     ___FILE_ONLY___ google    Slack
2020-04-24 14:46:39,077 INFO     ___FILE_ONLY___                  
2020-04-24 14:46:39,077 INFO     ___FILE_ONLY___ 1081852872763
2020-04-24 14:46:39,077 INFO     ___FILE_ONLY___ 

2020-04-24 14:46:39,077 INFO     ___FILE_ONLY___ sys-26665459650556756818494518
2020-04-24 14:46:39,077 INFO     ___FILE_ONLY___                                   
2020-04-24 14:46:39,077 INFO     ___FILE_ONLY___ 91691460673
2020-04-24 14:46:39,078 INFO     ___FILE_ONLY___ 

2020-04-24 14:46:39,078 INFO     ___FILE_ONLY___ sys-27292864166042995356832243
2020-04-24 14:46:39,078 INFO     ___FILE_ONLY___                                   
2020-04-24 14:46:39,078 INFO     ___FILE_ONLY___ 750379998624
2020-04-24 14:46:39,078 INFO     ___FILE_ONLY___ 

2020-04-24 14:46:39,078 INFO     ___FILE_ONLY___ sys-28056251919409709974273174
2020-04-24 14:46:39,078 INFO     ___FILE_ONLY___   
2020-04-24 14:46:39,078 INFO     ___FILE_ONLY___ MailSendProject
2020-04-24 14:46:39,078 INFO     ___FILE_ONLY___                  
2020-04-24 14:46:39,078 INFO     ___FILE_ONLY___ 184147869770
2020-04-24 14:46:39,079 INFO     ___FILE_ONLY___ 

2020-04-24 14:46:39,079 INFO     ___FILE_ONLY___ sys-28682146624916046565225759
2020-04-24 14:46:39,079 INFO     ___FILE_ONLY___   
2020-04-24 14:46:39,079 INFO     ___FILE_ONLY___            PV
2020-04-24 14:46:39,079 INFO     ___FILE_ONLY___                    
2020-04-24 14:46:39,079 INFO     ___FILE_ONLY___ 717703882500
2020-04-24 14:46:39,079 INFO     ___FILE_ONLY___ 

2020-04-24 14:46:39,079 INFO     ___FILE_ONLY___ sys-29234398097286365439631341
2020-04-24 14:46:39,079 INFO     ___FILE_ONLY___   
2020-04-24 14:46:39,079 INFO     ___FILE_ONLY___ test
2020-04-24 14:46:39,079 INFO     ___FILE_ONLY___                             
2020-04-24 14:46:39,079 INFO     ___FILE_ONLY___ 80245827435
2020-04-24 14:46:39,079 INFO     ___FILE_ONLY___ 

2020-04-24 14:46:39,080 INFO     ___FILE_ONLY___ sys-30032533975962581777707960
2020-04-24 14:46:39,080 INFO     ___FILE_ONLY___   
2020-04-24 14:46:39,080 INFO     ___FILE_ONLY___ gcp-cost
2020-04-24 14:46:39,080 INFO     ___FILE_ONLY___                         
2020-04-24 14:46:39,080 INFO     ___FILE_ONLY___ 119999714275
2020-04-24 14:46:39,080 INFO     ___FILE_ONLY___ 

2020-04-24 14:46:39,080 INFO     ___FILE_ONLY___ sys-37320712859162027252932514
2020-04-24 14:46:39,080 INFO     ___FILE_ONLY___   
2020-04-24 14:46:39,080 INFO     ___FILE_ONLY___ SeqPosCsvConvert
2020-04-24 14:46:39,080 INFO     ___FILE_ONLY___                 
2020-04-24 14:46:39,080 INFO     ___FILE_ONLY___ 885307918938
2020-04-24 14:46:39,080 INFO     ___FILE_ONLY___ 

2020-04-24 14:46:39,081 INFO     ___FILE_ONLY___ sys-41823315935675607224075067
2020-04-24 14:46:39,081 INFO     ___FILE_ONLY___   
2020-04-24 14:46:39,081 INFO     ___FILE_ONLY___                              V
2020-04-24 14:46:39,081 INFO     ___FILE_ONLY___   
2020-04-24 14:46:39,081 INFO     ___FILE_ONLY___ 309166643455
2020-04-24 14:46:39,081 INFO     ___FILE_ONLY___ 

2020-04-24 14:46:39,081 INFO     ___FILE_ONLY___ sys-42144016574279682389058233
2020-04-24 14:46:39,081 INFO     ___FILE_ONLY___                                   
2020-04-24 14:46:39,081 INFO     ___FILE_ONLY___ 780520150768
2020-04-24 14:46:39,081 INFO     ___FILE_ONLY___ 

2020-04-24 14:46:39,081 INFO     ___FILE_ONLY___ sys-46775764896263950228493599
2020-04-24 14:46:39,081 INFO     ___FILE_ONLY___                                   
2020-04-24 14:46:39,081 INFO     ___FILE_ONLY___ 109483193099
2020-04-24 14:46:39,081 INFO     ___FILE_ONLY___ 

2020-04-24 14:46:39,082 INFO     ___FILE_ONLY___ sys-48066024649637064242458877
2020-04-24 14:46:39,082 INFO     ___FILE_ONLY___   
2020-04-24 14:46:39,082 INFO     ___FILE_ONLY___            PV    yamada
2020-04-24 14:46:39,082 INFO     ___FILE_ONLY___          
2020-04-24 14:46:39,082 INFO     ___FILE_ONLY___ 52112697425
2020-04-24 14:46:39,082 INFO     ___FILE_ONLY___ 

2020-04-24 14:46:39,082 INFO     ___FILE_ONLY___ sys-51605672268775379886992740
2020-04-24 14:46:39,082 INFO     ___FILE_ONLY___   
2020-04-24 14:46:39,082 INFO     ___FILE_ONLY___            PV
2020-04-24 14:46:39,082 INFO     ___FILE_ONLY___                    
2020-04-24 14:46:39,082 INFO     ___FILE_ONLY___ 397538488604
2020-04-24 14:46:39,082 INFO     ___FILE_ONLY___ 

2020-04-24 14:46:39,082 INFO     ___FILE_ONLY___ sys-61497056820964321604266703
2020-04-24 14:46:39,083 INFO     ___FILE_ONLY___                                   
2020-04-24 14:46:39,083 INFO     ___FILE_ONLY___ 80130340493
2020-04-24 14:46:39,083 INFO     ___FILE_ONLY___ 

2020-04-24 14:46:39,083 INFO     ___FILE_ONLY___ sys-62352059805871282692222683
2020-04-24 14:46:39,083 INFO     ___FILE_ONLY___                                   
2020-04-24 14:46:39,083 INFO     ___FILE_ONLY___ 418358039696
2020-04-24 14:46:39,083 INFO     ___FILE_ONLY___ 

2020-04-24 14:46:39,083 INFO     ___FILE_ONLY___ sys-65005078156198347477463353
2020-04-24 14:46:39,083 INFO     ___FILE_ONLY___   
2020-04-24 14:46:39,083 INFO     ___FILE_ONLY___ Devops-gas-schema-notice-to-sl
2020-04-24 14:46:39,083 INFO     ___FILE_ONLY___   
2020-04-24 14:46:39,083 INFO     ___FILE_ONLY___ 497387321523
2020-04-24 14:46:39,084 INFO     ___FILE_ONLY___ 

2020-04-24 14:46:39,084 INFO     ___FILE_ONLY___ sys-67785520713636528047195782
2020-04-24 14:46:39,084 INFO     ___FILE_ONLY___   
2020-04-24 14:46:39,084 INFO     ___FILE_ONLY___            PV    yamada
2020-04-24 14:46:39,084 INFO     ___FILE_ONLY___          
2020-04-24 14:46:39,084 INFO     ___FILE_ONLY___ 763627301958
2020-04-24 14:46:39,084 INFO     ___FILE_ONLY___ 

2020-04-24 14:46:39,084 INFO     ___FILE_ONLY___ sys-69631207939239675590090211
2020-04-24 14:46:39,084 INFO     ___FILE_ONLY___                                   
2020-04-24 14:46:39,084 INFO     ___FILE_ONLY___ 806127811631
2020-04-24 14:46:39,084 INFO     ___FILE_ONLY___ 

2020-04-24 14:46:39,084 INFO     ___FILE_ONLY___ sys-70605364316375435463043241
2020-04-24 14:46:39,085 INFO     ___FILE_ONLY___                                   
2020-04-24 14:46:39,085 INFO     ___FILE_ONLY___ 815058486626
2020-04-24 14:46:39,085 INFO     ___FILE_ONLY___ 

2020-04-24 14:46:39,085 INFO     ___FILE_ONLY___ sys-71588219312630674576848345
2020-04-24 14:46:39,085 INFO     ___FILE_ONLY___   
2020-04-24 14:46:39,085 INFO     ___FILE_ONLY___ payment issues
2020-04-24 14:46:39,085 INFO     ___FILE_ONLY___                   
2020-04-24 14:46:39,085 INFO     ___FILE_ONLY___ 1090515238309
2020-04-24 14:46:39,085 INFO     ___FILE_ONLY___ 

2020-04-24 14:46:39,085 INFO     ___FILE_ONLY___ sys-72216628327063024886252297
2020-04-24 14:46:39,085 INFO     ___FILE_ONLY___                                   
2020-04-24 14:46:39,085 INFO     ___FILE_ONLY___ 1063803852264
2020-04-24 14:46:39,086 INFO     ___FILE_ONLY___ 

2020-04-24 14:46:39,086 INFO     ___FILE_ONLY___ sys-77848609085882410695957805
2020-04-24 14:46:39,086 INFO     ___FILE_ONLY___   
2020-04-24 14:46:39,086 INFO     ___FILE_ONLY___ Github              Slack
2020-04-24 14:46:39,086 INFO     ___FILE_ONLY___        
2020-04-24 14:46:39,086 INFO     ___FILE_ONLY___ 179421829857
2020-04-24 14:46:39,086 INFO     ___FILE_ONLY___ 

2020-04-24 14:46:39,086 INFO     ___FILE_ONLY___ sys-79977621947288899948940662
2020-04-24 14:46:39,086 INFO     ___FILE_ONLY___   
2020-04-24 14:46:39,086 INFO     ___FILE_ONLY___ GMOPG
2020-04-24 14:46:39,086 INFO     ___FILE_ONLY___                            
2020-04-24 14:46:39,086 INFO     ___FILE_ONLY___ 404349880390
2020-04-24 14:46:39,087 INFO     ___FILE_ONLY___ 

2020-04-24 14:46:39,087 INFO     ___FILE_ONLY___ sys-81020169882903759498905582
2020-04-24 14:46:39,087 INFO     ___FILE_ONLY___                                   
2020-04-24 14:46:39,087 INFO     ___FILE_ONLY___ 1044644797833
2020-04-24 14:46:39,087 INFO     ___FILE_ONLY___ 

2020-04-24 14:46:39,087 INFO     ___FILE_ONLY___ sys-87776487549073596597915897
2020-04-24 14:46:39,087 INFO     ___FILE_ONLY___                                   
2020-04-24 14:46:39,087 INFO     ___FILE_ONLY___ 332646102804
2020-04-24 14:46:39,087 INFO     ___FILE_ONLY___ 

2020-04-24 14:46:39,087 INFO     ___FILE_ONLY___ sys-89244835377767307404494166
2020-04-24 14:46:39,087 INFO     ___FILE_ONLY___   
2020-04-24 14:46:39,087 INFO     ___FILE_ONLY___             Slack
2020-04-24 14:46:39,087 INFO     ___FILE_ONLY___                
2020-04-24 14:46:39,088 INFO     ___FILE_ONLY___ 1083653668825
2020-04-24 14:46:39,088 INFO     ___FILE_ONLY___ 

2020-04-24 14:46:39,088 INFO     ___FILE_ONLY___ sys-90305296825032262471640676
2020-04-24 14:46:39,088 INFO     ___FILE_ONLY___   
2020-04-24 14:46:39,088 INFO     ___FILE_ONLY___ create insert
2020-04-24 14:46:39,088 INFO     ___FILE_ONLY___                    
2020-04-24 14:46:39,088 INFO     ___FILE_ONLY___ 1090036791271
2020-04-24 14:46:39,088 INFO     ___FILE_ONLY___ 

2020-04-24 14:46:39,088 INFO     ___FILE_ONLY___ sys-90664355120074005808900529
2020-04-24 14:46:39,088 INFO     ___FILE_ONLY___   
2020-04-24 14:46:39,088 INFO     ___FILE_ONLY___ SeqPoscsv convert
2020-04-24 14:46:39,088 INFO     ___FILE_ONLY___                
2020-04-24 14:46:39,089 INFO     ___FILE_ONLY___ 1036312569726
2020-04-24 14:46:39,089 INFO     ___FILE_ONLY___ 

2020-04-24 14:46:39,089 INFO     ___FILE_ONLY___ sys-91557053340757820020146834
2020-04-24 14:46:39,089 INFO     ___FILE_ONLY___   
2020-04-24 14:46:39,089 INFO     ___FILE_ONLY___            PV    yamada
2020-04-24 14:46:39,089 INFO     ___FILE_ONLY___          
2020-04-24 14:46:39,089 INFO     ___FILE_ONLY___ 55990150751
2020-04-24 14:46:39,089 INFO     ___FILE_ONLY___ 

2020-04-24 14:46:39,089 INFO     ___FILE_ONLY___ sys-94158457260512618727059994
2020-04-24 14:46:39,089 INFO     ___FILE_ONLY___                                   
2020-04-24 14:46:39,089 INFO     ___FILE_ONLY___ 372403052244
2020-04-24 14:46:39,089 INFO     ___FILE_ONLY___ 

2020-04-24 14:46:39,090 INFO     ___FILE_ONLY___ sys-95576983284143140281598980
2020-04-24 14:46:39,090 INFO     ___FILE_ONLY___   
2020-04-24 14:46:39,090 INFO     ___FILE_ONLY___ go to sheet
2020-04-24 14:46:39,090 INFO     ___FILE_ONLY___                      
2020-04-24 14:46:39,090 INFO     ___FILE_ONLY___ 81914793056
2020-04-24 14:46:39,090 INFO     ___FILE_ONLY___ 

2020-04-24 14:46:39,090 INFO     ___FILE_ONLY___ sys-97208927468262985370009986
2020-04-24 14:46:39,090 INFO     ___FILE_ONLY___   
2020-04-24 14:46:39,090 INFO     ___FILE_ONLY___ go to sheet
2020-04-24 14:46:39,090 INFO     ___FILE_ONLY___                      
2020-04-24 14:46:39,090 INFO     ___FILE_ONLY___ 577060326714
2020-04-24 14:46:39,090 INFO     ___FILE_ONLY___ 

2020-04-24 14:46:39,090 INFO     ___FILE_ONLY___ sys-97631543760080593035429419
2020-04-24 14:46:39,091 INFO     ___FILE_ONLY___                                   
2020-04-24 14:46:39,091 INFO     ___FILE_ONLY___ 157910491486
2020-04-24 14:46:39,091 INFO     ___FILE_ONLY___ 

2020-04-24 14:46:39,091 INFO     ___FILE_ONLY___ sys-99255385546204711157026931
2020-04-24 14:46:39,091 INFO     ___FILE_ONLY___                                   
2020-04-24 14:46:39,091 INFO     ___FILE_ONLY___ 1080680136149
2020-04-24 14:46:39,091 INFO     ___FILE_ONLY___ 

2020-04-24 14:46:39,091 INFO     ___FILE_ONLY___ sys-99903223905545180924485427
2020-04-24 14:46:39,092 INFO     ___FILE_ONLY___   
2020-04-24 14:46:39,092 INFO     ___FILE_ONLY___ go to sheet
2020-04-24 14:46:39,092 INFO     ___FILE_ONLY___                      
2020-04-24 14:46:39,092 INFO     ___FILE_ONLY___ 568197180277
2020-04-24 14:46:39,092 INFO     ___FILE_ONLY___ 

2020-04-24 14:46:39,092 INFO     ___FILE_ONLY___ test-lab-256909
2020-04-24 14:46:39,092 INFO     ___FILE_ONLY___                  
2020-04-24 14:46:39,092 INFO     ___FILE_ONLY___ test-lab
2020-04-24 14:46:39,092 INFO     ___FILE_ONLY___                         
2020-04-24 14:46:39,092 INFO     ___FILE_ONLY___ 956267413361
2020-04-24 14:46:39,092 INFO     ___FILE_ONLY___ 

2020-04-24 14:46:39,103 DEBUG    root            Metrics reporting process started...
